2022-07-28 21:53:36,690 [INFO] Activator:177 - 


2022-07-28 21:53:36,692 [INFO] Activator:178 - !SESSION log4j initialized
2022-07-28 21:53:44,603 [INFO] McuFinderGlobals:44 - Set McuFinder mode to 2 (CubeIDE integrated)
2022-07-28 21:53:44,706 [INFO] ApplicationProperties:181 - Using Application install path: C:\ST\STM32CubeIDE_1.10.0\STM32CubeIDE\plugins\com.st.stm32cube.common.mx_6.6.0.202206222154
2022-07-28 21:53:44,718 [INFO] DbMcusXml:77 - Set database path to: C:\ST\STM32CubeIDE_1.10.0\STM32CubeIDE\plugins\com.st.stm32cube.common.mx_6.6.0.202206222154\\db\/mcu/
2022-07-28 21:53:44,719 [INFO] ApiDb:269 - Set plugin database path to: C:\ST\STM32CubeIDE_1.10.0\STM32CubeIDE\plugins\com.st.stm32cube.common.mx_6.6.0.202206222154\\db\/plugins/boardmanager/
2022-07-28 21:53:44,722 [WARN] ApiDb:254 - Overriding images path with different value:  => C:\ST\STM32CubeIDE_1.10.0\STM32CubeIDE\plugins\com.st.stm32cube.common.mx_6.6.0.202206222154\\db\/plugins/mcufinder/images/
2022-07-28 21:53:44,736 [INFO] ApiDb:249 - Set database path to: C:\Users\chlsk\.stmcufinder\plugins\mcufinder//mcu/
2022-07-28 21:53:44,737 [INFO] DbMcusAds:124 - Set database path to: C:\Users\chlsk\.stmcufinder\plugins\mcufinder//mcu/
2022-07-28 21:53:44,739 [INFO] CrossReferenceDbSqlite:201 - Set database path to: C:\Users\chlsk\.stmcufinder\plugins\mcufinder//mcu/cs/
2022-07-28 21:53:44,809 [INFO] RulesReader:61 - Compatibility file has been processed (282 Rules)
2022-07-28 21:53:44,900 [INFO] DbMcusXml:77 - Set database path to: C:\ST\STM32CubeIDE_1.10.0\STM32CubeIDE\plugins\com.st.stm32cube.common.mx_6.6.0.202206222154\\db\/mcu/
2022-07-28 21:53:44,901 [INFO] ApiDb:269 - Set plugin database path to: C:\ST\STM32CubeIDE_1.10.0\STM32CubeIDE\plugins\com.st.stm32cube.common.mx_6.6.0.202206222154\\db\/plugins/boardmanager/
2022-07-28 21:53:44,901 [INFO] ApiDb:256 - Set plugin images path to: C:\ST\STM32CubeIDE_1.10.0\STM32CubeIDE\plugins\com.st.stm32cube.common.mx_6.6.0.202206222154\\db\/plugins/mcufinder/images/
2022-07-28 21:53:44,901 [WARN] DbFile:40 - Overriding database path with different value: C:\Users\chlsk\.stmcufinder\plugins\mcufinder/ => C:\Users\chlsk\.stmcufinder\plugins\mcufinder
2022-07-28 21:53:44,901 [INFO] ApiDb:249 - Set database path to: C:\Users\chlsk\.stmcufinder\plugins\mcufinder//mcu/
2022-07-28 21:53:44,901 [WARN] DbFile:40 - Overriding database path with different value: C:\Users\chlsk\.stmcufinder\plugins\mcufinder/ => C:\Users\chlsk\.stmcufinder\plugins\mcufinder
2022-07-28 21:53:44,902 [INFO] DbMcusAds:124 - Set database path to: C:\Users\chlsk\.stmcufinder\plugins\mcufinder//mcu/
2022-07-28 21:53:44,902 [WARN] DbFile:40 - Overriding database path with different value: C:\Users\chlsk\.stmcufinder\plugins\mcufinder/ => C:\Users\chlsk\.stmcufinder\plugins\mcufinder
2022-07-28 21:53:44,903 [WARN] DbFile:40 - Overriding database path with different value: C:\Users\chlsk\.stmcufinder\plugins\mcufinder/ => C:\Users\chlsk\.stmcufinder\plugins\mcufinder
2022-07-28 21:53:44,903 [INFO] CrossReferenceDbSqlite:201 - Set database path to: C:\Users\chlsk\.stmcufinder\plugins\mcufinder//mcu/cs/
2022-07-28 21:53:44,962 [INFO] MainPanel:242 - HeapMemory: 268435456
2022-07-28 21:53:45,058 [INFO] DbMcusXml:77 - Set database path to: C:\ST\STM32CubeIDE_1.10.0\STM32CubeIDE\plugins\com.st.stm32cube.common.mx_6.6.0.202206222154\\db\/mcu/
2022-07-28 21:53:45,058 [INFO] ApiDb:269 - Set plugin database path to: C:\ST\STM32CubeIDE_1.10.0\STM32CubeIDE\plugins\com.st.stm32cube.common.mx_6.6.0.202206222154\\db\/plugins/boardmanager/
2022-07-28 21:53:45,059 [INFO] ApiDb:256 - Set plugin images path to: C:\ST\STM32CubeIDE_1.10.0\STM32CubeIDE\plugins\com.st.stm32cube.common.mx_6.6.0.202206222154\\db\/plugins/mcufinder/images/
2022-07-28 21:53:45,059 [WARN] DbFile:40 - Overriding database path with different value: C:\Users\chlsk\.stmcufinder\plugins\mcufinder/ => C:\Users\chlsk\.stmcufinder\plugins\mcufinder
2022-07-28 21:53:45,059 [INFO] ApiDb:249 - Set database path to: C:\Users\chlsk\.stmcufinder\plugins\mcufinder//mcu/
2022-07-28 21:53:45,059 [WARN] DbFile:40 - Overriding database path with different value: C:\Users\chlsk\.stmcufinder\plugins\mcufinder/ => C:\Users\chlsk\.stmcufinder\plugins\mcufinder
2022-07-28 21:53:45,059 [INFO] DbMcusAds:124 - Set database path to: C:\Users\chlsk\.stmcufinder\plugins\mcufinder//mcu/
2022-07-28 21:53:45,059 [WARN] DbFile:40 - Overriding database path with different value: C:\Users\chlsk\.stmcufinder\plugins\mcufinder/ => C:\Users\chlsk\.stmcufinder\plugins\mcufinder
2022-07-28 21:53:45,060 [WARN] DbFile:40 - Overriding database path with different value: C:\Users\chlsk\.stmcufinder\plugins\mcufinder/ => C:\Users\chlsk\.stmcufinder\plugins\mcufinder
2022-07-28 21:53:45,060 [INFO] CrossReferenceDbSqlite:201 - Set database path to: C:\Users\chlsk\.stmcufinder\plugins\mcufinder//mcu/cs/
2022-07-28 21:53:45,084 [INFO] ApplicationProperties:181 - Using Application install path: C:\ST\STM32CubeIDE_1.10.0\STM32CubeIDE\plugins\com.st.stm32cube.common.mx_6.6.0.202206222154
2022-07-28 21:53:45,086 [INFO] PluginManage:193 - Search for loadable plugins [exclusion list=, ]
2022-07-28 21:53:45,087 [INFO] PluginManage:307 - Check plugin analytics
2022-07-28 21:53:45,246 [INFO] AnalyticsPlugin:262 - Accepted Software Licenses: 
2022-07-28 21:53:45,246 [INFO] AnalyticsPlugin:264 - Accepted CMSIS Pack Licenses: 
2022-07-28 21:53:45,247 [INFO] AnalyticsPlugin:266 - Accepted Firmware Licenses: 
2022-07-28 21:53:45,258 [INFO] PluginManage:356 - Loaded plugin analytics (category:tool,tabindex:-1)
2022-07-28 21:53:45,258 [INFO] PluginManage:307 - Check plugin cadmodel
2022-07-28 21:53:45,261 [INFO] CADModel:65 - Init CAD model plugin
2022-07-28 21:53:45,261 [INFO] PluginManage:356 - Loaded plugin cadmodel (category:power,tabindex:5)
2022-07-28 21:53:45,261 [INFO] PluginManage:307 - Check plugin clock
2022-07-28 21:53:45,269 [INFO] PluginManage:356 - Loaded plugin clock (category:base,tabindex:2)
2022-07-28 21:53:45,269 [INFO] PluginManage:307 - Check plugin ddr
2022-07-28 21:53:45,270 [INFO] PluginManage:356 - Loaded plugin ddr (category:tool,tabindex:6)
2022-07-28 21:53:45,271 [INFO] PluginManage:307 - Check plugin filemanager
2022-07-28 21:53:45,451 [INFO] PluginManage:356 - Loaded plugin filemanager (category:base,tabindex:10)
2022-07-28 21:53:45,451 [INFO] PluginManage:307 - Check plugin ipmanager
2022-07-28 21:53:45,460 [INFO] PluginManage:356 - Loaded plugin ipmanager (category:base,tabindex:5)
2022-07-28 21:53:45,460 [INFO] PluginManage:307 - Check plugin lpbam
2022-07-28 21:53:45,470 [INFO] PluginManage:356 - Loaded plugin lpbam (category:base,tabindex:0)
2022-07-28 21:53:45,470 [INFO] PluginManage:307 - Check plugin pinoutandconfiguration
2022-07-28 21:53:45,477 [INFO] PluginManage:356 - Loaded plugin pinoutandconfiguration (category:base,tabindex:1)
2022-07-28 21:53:45,478 [INFO] PluginManage:307 - Check plugin pinoutconfig
2022-07-28 21:53:45,510 [INFO] PluginManage:356 - Loaded plugin pinoutconfig (category:base,tabindex:0)
2022-07-28 21:53:45,511 [INFO] PluginManage:307 - Check plugin power
2022-07-28 21:53:45,518 [INFO] PluginManage:356 - Loaded plugin power (category:power,tabindex:4)
2022-07-28 21:53:45,518 [INFO] PluginManage:307 - Check plugin projectmanager
2022-07-28 21:53:45,533 [INFO] PluginManage:356 - Loaded plugin projectmanager (category:projectmanager,tabindex:3)
2022-07-28 21:53:45,535 [INFO] PluginManage:307 - Check plugin thirdparty
2022-07-28 21:53:45,655 [WARN] IntegrityCheckThread:82 - waiting for thirdparty lock release [integrity check]
2022-07-28 21:53:45,656 [INFO] PluginManage:356 - Loaded plugin thirdparty (category:base,tabindex:-1)
2022-07-28 21:53:45,656 [INFO] IntegrityCheckThread:84 - entering critical section [integrity check]
2022-07-28 21:53:45,657 [INFO] PluginManage:307 - Check plugin tools
2022-07-28 21:53:45,661 [INFO] ThirdPartyUpdaterWithRetryManager:70 - Updater plugin not ready yet. [1/15]
2022-07-28 21:53:45,661 [INFO] PluginManage:356 - Loaded plugin tools (category:base,tabindex:7)
2022-07-28 21:53:45,661 [INFO] PluginManage:307 - Check plugin tutovideos
2022-07-28 21:53:45,793 [INFO] PluginManage:356 - Loaded plugin tutovideos (category:base,tabindex:-1)
2022-07-28 21:53:45,793 [INFO] PluginManage:307 - Check plugin updater
2022-07-28 21:53:45,809 [INFO] PluginManage:356 - Loaded plugin updater (category:base,tabindex:12)
2022-07-28 21:53:45,809 [INFO] PluginManage:280 - PluginManage : Loaded plugins [15]
2022-07-28 21:53:46,027 [INFO] PinOutPanel:1468 - setPackage(No Configuration,No Configuration)
2022-07-28 21:53:46,084 [INFO] CADModel:98 - CPN selected for project level
2022-07-28 21:53:46,096 [INFO] IPUIPlugin:79 - create IPUIPlugin
2022-07-28 21:53:46,096 [INFO] PluginManager:217 - loadIPPluginJar : add adc
2022-07-28 21:53:46,099 [INFO] IPUIPlugin:79 - create IPUIPlugin
2022-07-28 21:53:46,099 [INFO] PluginManager:217 - loadIPPluginJar : add aes
2022-07-28 21:53:46,102 [INFO] IPUIPlugin:79 - create IPUIPlugin
2022-07-28 21:53:46,102 [INFO] PluginManager:217 - loadIPPluginJar : add can
2022-07-28 21:53:46,102 [INFO] IPUIPlugin:79 - create IPUIPlugin
2022-07-28 21:53:46,102 [INFO] PluginManager:217 - loadIPPluginJar : add comp
2022-07-28 21:53:46,103 [INFO] IPUIPlugin:79 - create IPUIPlugin
2022-07-28 21:53:46,103 [INFO] PluginManager:217 - loadIPPluginJar : add cryp
2022-07-28 21:53:46,106 [INFO] IPUIPlugin:79 - create IPUIPlugin
2022-07-28 21:53:46,106 [INFO] PluginManager:217 - loadIPPluginJar : add dfsdm
2022-07-28 21:53:46,110 [INFO] IPUIPlugin:79 - create IPUIPlugin
2022-07-28 21:53:46,111 [INFO] PluginManager:217 - loadIPPluginJar : add dma
2022-07-28 21:53:46,112 [INFO] IPUIPlugin:79 - create IPUIPlugin
2022-07-28 21:53:46,113 [INFO] PluginManager:217 - loadIPPluginJar : add dma3
2022-07-28 21:53:46,113 [INFO] IPUIPlugin:79 - create IPUIPlugin
2022-07-28 21:53:46,114 [INFO] PluginManager:217 - loadIPPluginJar : add fatfs
2022-07-28 21:53:46,117 [INFO] IPUIPlugin:79 - create IPUIPlugin
2022-07-28 21:53:46,117 [INFO] PluginManager:217 - loadIPPluginJar : add fmc
2022-07-28 21:53:46,120 [INFO] IPUIPlugin:79 - create IPUIPlugin
2022-07-28 21:53:46,121 [INFO] PluginManager:217 - loadIPPluginJar : add freertos
2022-07-28 21:53:46,122 [INFO] IPUIPlugin:79 - create IPUIPlugin
2022-07-28 21:53:46,122 [INFO] PluginManager:217 - loadIPPluginJar : add genericplugin
2022-07-28 21:53:46,123 [INFO] IPUIPlugin:79 - create IPUIPlugin
2022-07-28 21:53:46,123 [INFO] PluginManager:217 - loadIPPluginJar : add gfxmmu
2022-07-28 21:53:46,126 [INFO] IPUIPlugin:79 - create IPUIPlugin
2022-07-28 21:53:46,126 [INFO] PluginManager:217 - loadIPPluginJar : add gic
2022-07-28 21:53:46,129 [INFO] IPUIPlugin:79 - create IPUIPlugin
2022-07-28 21:53:46,129 [INFO] PluginManager:217 - loadIPPluginJar : add gpio
2022-07-28 21:53:46,131 [INFO] IPUIPlugin:79 - create IPUIPlugin
2022-07-28 21:53:46,131 [INFO] PluginManager:217 - loadIPPluginJar : add gtzc
2022-07-28 21:53:46,133 [INFO] IPUIPlugin:79 - create IPUIPlugin
2022-07-28 21:53:46,133 [INFO] PluginManager:217 - loadIPPluginJar : add hash
2022-07-28 21:53:46,135 [INFO] IPUIPlugin:79 - create IPUIPlugin
2022-07-28 21:53:46,135 [INFO] PluginManager:217 - loadIPPluginJar : add i2c
2022-07-28 21:53:46,137 [INFO] IPUIPlugin:79 - create IPUIPlugin
2022-07-28 21:53:46,137 [INFO] PluginManager:217 - loadIPPluginJar : add i2s
2022-07-28 21:53:46,140 [INFO] IPUIPlugin:79 - create IPUIPlugin
2022-07-28 21:53:46,140 [INFO] PluginManager:217 - loadIPPluginJar : add ipddr
2022-07-28 21:53:46,145 [INFO] IPUIPlugin:79 - create IPUIPlugin
2022-07-28 21:53:46,145 [INFO] PluginManager:217 - loadIPPluginJar : add linkedlist
2022-07-28 21:53:46,147 [INFO] IPUIPlugin:79 - create IPUIPlugin
2022-07-28 21:53:46,147 [INFO] PluginManager:217 - loadIPPluginJar : add lorawan
2022-07-28 21:53:46,148 [INFO] IPUIPlugin:79 - create IPUIPlugin
2022-07-28 21:53:46,148 [INFO] PluginManager:217 - loadIPPluginJar : add ltdc
2022-07-28 21:53:46,152 [INFO] IPUIPlugin:79 - create IPUIPlugin
2022-07-28 21:53:46,152 [INFO] PluginManager:217 - loadIPPluginJar : add mdma
2022-07-28 21:53:46,155 [INFO] IPUIPlugin:79 - create IPUIPlugin
2022-07-28 21:53:46,155 [INFO] PluginManager:217 - loadIPPluginJar : add nvic
2022-07-28 21:53:46,158 [INFO] IPUIPlugin:79 - create IPUIPlugin
2022-07-28 21:53:46,158 [INFO] PluginManager:217 - loadIPPluginJar : add opamp
2022-07-28 21:53:46,160 [INFO] IPUIPlugin:79 - create IPUIPlugin
2022-07-28 21:53:46,160 [INFO] PluginManager:217 - loadIPPluginJar : add openamp
2022-07-28 21:53:46,163 [INFO] IPUIPlugin:79 - create IPUIPlugin
2022-07-28 21:53:46,163 [INFO] PluginManager:217 - loadIPPluginJar : add pdm2pcm
2022-07-28 21:53:46,168 [INFO] IPUIPlugin:79 - create IPUIPlugin
2022-07-28 21:53:46,169 [INFO] PluginManager:217 - loadIPPluginJar : add plateformsettings
2022-07-28 21:53:46,171 [INFO] IPUIPlugin:79 - create IPUIPlugin
2022-07-28 21:53:46,171 [INFO] PluginManager:217 - loadIPPluginJar : add quadspi
2022-07-28 21:53:46,172 [INFO] IPUIPlugin:79 - create IPUIPlugin
2022-07-28 21:53:46,173 [INFO] PluginManager:217 - loadIPPluginJar : add resmgrutility
2022-07-28 21:53:46,175 [INFO] IPUIPlugin:79 - create IPUIPlugin
2022-07-28 21:53:46,175 [INFO] PluginManager:217 - loadIPPluginJar : add sai
2022-07-28 21:53:46,177 [INFO] IPUIPlugin:79 - create IPUIPlugin
2022-07-28 21:53:46,177 [INFO] PluginManager:217 - loadIPPluginJar : add spi
2022-07-28 21:53:46,181 [INFO] IPUIPlugin:79 - create IPUIPlugin
2022-07-28 21:53:46,181 [INFO] PluginManager:217 - loadIPPluginJar : add stm32_wpan
2022-07-28 21:53:46,182 [INFO] IPUIPlugin:79 - create IPUIPlugin
2022-07-28 21:53:46,183 [INFO] PluginManager:217 - loadIPPluginJar : add tim
2022-07-28 21:53:46,185 [INFO] IPUIPlugin:79 - create IPUIPlugin
2022-07-28 21:53:46,185 [INFO] PluginManager:217 - loadIPPluginJar : add touchsensing
2022-07-28 21:53:46,187 [INFO] IPUIPlugin:79 - create IPUIPlugin
2022-07-28 21:53:46,187 [INFO] PluginManager:217 - loadIPPluginJar : add tracer_emb
2022-07-28 21:53:46,188 [INFO] IPUIPlugin:79 - create IPUIPlugin
2022-07-28 21:53:46,188 [INFO] PluginManager:217 - loadIPPluginJar : add ts
2022-07-28 21:53:46,189 [INFO] IPUIPlugin:79 - create IPUIPlugin
2022-07-28 21:53:46,189 [INFO] PluginManager:217 - loadIPPluginJar : add tsc
2022-07-28 21:53:46,190 [INFO] IPUIPlugin:79 - create IPUIPlugin
2022-07-28 21:53:46,190 [INFO] PluginManager:217 - loadIPPluginJar : add ucpd
2022-07-28 21:53:46,192 [INFO] IPUIPlugin:79 - create IPUIPlugin
2022-07-28 21:53:46,192 [INFO] PluginManager:217 - loadIPPluginJar : add usart
2022-07-28 21:53:46,194 [INFO] IPUIPlugin:79 - create IPUIPlugin
2022-07-28 21:53:46,195 [INFO] PluginManager:217 - loadIPPluginJar : add usbx
2022-07-28 21:53:46,430 [FATAL] Updater:301 - Updater called before beeing initialized
2022-07-28 21:53:46,534 [FATAL] Updater:301 - Updater called before beeing initialized
2022-07-28 21:53:46,540 [INFO] DbMcusAds:52 - JSON generation date=Wed Sep 29 23:55:09 PDT 2021 (1632984909377)
2022-07-28 21:53:46,540 [FATAL] Updater:301 - Updater called before beeing initialized
2022-07-28 21:53:46,568 [WARN] DetailPanel:344 - Failed to get advertising image, set to default
2022-07-28 21:53:46,646 [FATAL] Updater:301 - Updater called before beeing initialized
2022-07-28 21:53:46,648 [FATAL] Updater:301 - Updater called before beeing initialized
2022-07-28 21:53:46,648 [FATAL] Updater:301 - Updater called before beeing initialized
2022-07-28 21:53:46,648 [WARN] DetailPanel:344 - Failed to get advertising image, set to default
2022-07-28 21:53:46,649 [FATAL] Updater:301 - Updater called before beeing initialized
2022-07-28 21:53:46,685 [ERROR] Updater:1105 - MainUpdater not yet initialized. External WinMGr cannot be set.
2022-07-28 21:53:46,687 [INFO] Updater:1041 - Updater Version found : 6.6.0
2022-07-28 21:53:46,699 [INFO] ApplicationProperties:181 - Using Application install path: C:\ST\STM32CubeIDE_1.10.0\STM32CubeIDE\plugins\com.st.stm32cube.common.mx_6.6.0.202206222154
2022-07-28 21:53:46,844 [INFO] MainUpdater:2768 - connection check result : 10
2022-07-28 21:53:46,844 [INFO] MainUpdater:280 - Updater Check For Update Now.
2022-07-28 21:53:46,845 [INFO] MicroXplorer:481 - Change Database Version : DB.6.0.60
2022-07-28 21:53:47,065 [INFO] CheckServerUpdateThread:119 - End of CheckServer Thread
2022-07-28 21:53:47,091 [INFO] MainUpdater:2768 - connection check result : 10
2022-07-28 21:53:47,267 [INFO] McuFinderGlobals:57 - Set McuFinderConnectedMode to true
2022-07-28 21:53:47,276 [INFO] MultiScanPanel:195 - Auto-refresh data requested => check proxy status ongoing
2022-07-28 21:53:47,279 [INFO] FinderPluginLoader:92 - Searching for filters in installed packs
2022-07-28 21:53:47,545 [INFO] ApiDb:576 - Connected to CubeFinder SQLite database (C:\Users\chlsk\.stmcufinder\plugins\mcufinder\mcu\cube-finder-db.db)
2022-07-28 21:53:47,565 [INFO] ApiDb:663 - CubeFinder database Data Model version=2.1
2022-07-28 21:53:47,565 [INFO] ApiDb:664 - CubeFinder database Configuration version=3.0.32
2022-07-28 21:53:47,565 [INFO] ApiDb:665 - CubeFinder database generation date=2022-07-13 (1657716335)
2022-07-28 21:53:47,565 [INFO] ApiDb:666 - CubeFinder database FW Pack versions=[STM32Cube_FW_C0_V1.0.0, STM32Cube_FW_F4_V1.27.1, STM32Cube_FW_F7_V1.17.0, STM32Cube_FW_G0_V1.6.1, STM32Cube_FW_G4_V1.5.0, STM32Cube_FW_H7_V1.10.0, STM32Cube_FW_L5_V1.4.0, STM32Cube_FW_U5_V1.1.1, STM32Cube_FW_WB_V1.14.0, STM32Cube_FW_WL_V1.2.0, X-CUBE-ALGOBUILD_V1.3.0, X-CUBE-ALS_V1.0.1, X-CUBE-AZRTOS-F4_V1.0.0, X-CUBE-AZRTOS-F7_V1.1.0, X-CUBE-AZRTOS-G0_V1.1.0, X-CUBE-AZRTOS-G4_V1.0.0, X-CUBE-AZRTOS-H7_V2.1.0, X-CUBE-AZRTOS-L4_V1.0.0, X-CUBE-AZRTOS-L5_V1.0.0, X-CUBE-AZRTOS-WL_V1.0.0, X-CUBE-BLE1_V6.2.3, X-CUBE-BLE2_V3.3.0, X-CUBE-EEPRMA1_V3.1.1, X-CUBE-GNSS1_V6.0.0, X-CUBE-MEMS1_V9.1.0, X-CUBE-NFC4_V2.0.3, X-CUBE-NFC7_V1.0.0, X-CUBE-SFXS2LP1_V3.1.0, X-CUBE-SUBG2_V5.0.0]
2022-07-28 21:53:48,658 [INFO] ApiDb:239 - Found 138 in-development CPN: [B-WB1M-WPAN1, NUCLEO-C031C6, STEVAL-STWINBX1, STM320518-EVAL, STM32C0116-DK, STM32C011D6Y3TR, STM32C011D6Y6TR, STM32C011F4P3, STM32C011F4P6, STM32C011F4U3, STM32C011F4U6TR, STM32C011F6P3, STM32C011F6P6, STM32C011F6U3, STM32C011F6U6TR, STM32C011J4M3, STM32C011J4M6, STM32C011J6M3, STM32C011J6M6, STM32C0316-DK, STM32C031C4T3, STM32C031C4T6, STM32C031C4U3, STM32C031C4U6, STM32C031C6T3, STM32C031C6T6, STM32C031C6U3, STM32C031C6U6, STM32C031F4P3, STM32C031F4P6, STM32C031F6P3, STM32C031F6P6, STM32C031G4U3, STM32C031G4U6, STM32C031G6U3, STM32C031G6U6, STM32C031K4T3, STM32C031K4T6, STM32C031K4U3, STM32C031K4U6, STM32C031K6T3, STM32C031K6T6, STM32C031K6U3, STM32C031K6U6, STM32G071K8TXN, STM32G071K8UXN, STM32G081GBU6N, STM32G081KBT6N, STM32G081KBUXN, STM32G0B1CCT6N, STM32G0B1KCT6, STM32G0B1NEY6TR, STM32G0B1RCT6N, STM32G0C1CCT6, STM32G0C1CCT6N, STM32G0C1CCU6N, STM32G0C1CET6N, STM32G0C1CEU6N, STM32G0C1KCT6, STM32G0C1NEY6TR, STM32G0C1RCI6N, STM32G0C1RCT6N, STM32G0C1REI6N, STM32G0C1RET6N, STM32G0C1VCI6, STM32G0C1VEI6, STM32G471CCT6, STM32G471CCU6, STM32G471CET3, STM32G471CET6, STM32G471CEU3, STM32G471CEU6, STM32G471MCT6, STM32G471MET3, STM32G471MET6, STM32G471MEY6TR, STM32G471QCT6, STM32G471QET3, STM32G471RCT6, STM32G471RET3, STM32G471RET6, STM32G471VCH6, STM32G471VCI6, STM32G471VCT6, STM32G471VEH3, STM32G471VEH6, STM32G471VEI3, STM32G471VEI6, STM32G471VET3, STM32G471VET6, STM32G474CCT6, STM32L476VGY6PTR, STM32L4R5QGI6STR, STM32MP131AAE3, STM32MP131AAF3, STM32MP131AAG3, STM32MP131CAE3, STM32MP131CAF3, STM32MP131CAG3, STM32MP131DAE7, STM32MP131DAF7, STM32MP131DAG7, STM32MP131FAE7, STM32MP131FAF7, STM32MP131FAG7, STM32MP133AAE3, STM32MP133AAF3, STM32MP133AAG3, STM32MP133CAE3, STM32MP133CAF3, STM32MP133CAG3, STM32MP133DAE7, STM32MP133DAF7, STM32MP133DAG7, STM32MP133FAE7, STM32MP133FAF7, STM32MP133FAG7, STM32MP135AAE3, STM32MP135AAF3, STM32MP135AAG3, STM32MP135CAE3, STM32MP135CAF3, STM32MP135CAG3, STM32MP135DAE7, STM32MP135DAF7, STM32MP135DAG7, STM32MP135F-DK, STM32MP135FAE7, STM32MP135FAF7, STM32MP135FAG7, STM32U595ZJT6Q, STM32U599BJY6QTR, STM32U599NIH6Q, STM32U599NJH6Q, STM32U5A5ZJT6Q, STM32U5A9BJY6QTR, STM32U5A9NJH6Q, STM32WB1MMCH6]
2022-07-28 21:53:48,661 [INFO] DbMcus:215 - Found 3542 MCUs, 3542 are supported
2022-07-28 21:53:48,667 [INFO] ApiDb:418 - Load user favorites file C:\Users\chlsk/.stm32cubeide/favorites.mcus.txt: 0 item(s)
2022-07-28 21:53:48,667 [INFO] ApiDb:422 - User favorites MCUs=[]
2022-07-28 21:53:48,667 [INFO] DbMcus:221 - Set 0 / 0 favorites MCUs
2022-07-28 21:53:48,796 [WARN] PackLoader:242 - Cannot read IP mode file for STMicroelectronics.X-CUBE-GNSS1.6.0.0
2022-07-28 21:53:48,875 [WARN] PackLoader:242 - Cannot read IP mode file for STMicroelectronics.X-CUBE-MEMS1.9.2.0
2022-07-28 21:53:48,992 [WARN] PackLoader:242 - Cannot read IP mode file for STMicroelectronics.X-CUBE-AZRTOS-F7.1.1.0
2022-07-28 21:53:49,000 [WARN] PackLoader:242 - Cannot read IP mode file for STMicroelectronics.X-CUBE-AI.7.1.0
2022-07-28 21:53:49,008 [WARN] PackLoader:242 - Cannot read IP mode file for STMicroelectronics.X-CUBE-BLE1.6.2.3
2022-07-28 21:53:49,017 [WARN] PackLoader:242 - Cannot read IP mode file for STMicroelectronics.X-CUBE-NFC4.2.0.4
2022-07-28 21:53:49,040 [WARN] PackLoader:242 - Cannot read IP mode file for STMicroelectronics.X-CUBE-TOF1.3.1.0
2022-07-28 21:53:49,079 [WARN] PackLoader:242 - Cannot read IP mode file for STMicroelectronics.X-CUBE-AZRTOS-F4.1.0.0
2022-07-28 21:53:49,087 [WARN] PackLoader:242 - Cannot read IP mode file for STMicroelectronics.X-CUBE-NFC7.1.0.0
2022-07-28 21:53:49,135 [WARN] PackLoader:242 - Cannot read IP mode file for STMicroelectronics.X-CUBE-MEMS1.9.3.0
2022-07-28 21:53:49,225 [WARN] PackLoader:242 - Cannot read IP mode file for STMicroelectronics.X-CUBE-AI.7.2.0
2022-07-28 21:53:49,240 [WARN] PackLoader:242 - Cannot read IP mode file for STMicroelectronics.X-CUBE-AZRTOS-G0.1.0.0
2022-07-28 21:53:49,249 [WARN] PackLoader:242 - Cannot read IP mode file for STMicroelectronics.X-CUBE-SFXS2LP1.4.0.0
2022-07-28 21:53:49,257 [WARN] PackLoader:242 - Cannot read IP mode file for STMicroelectronics.X-CUBE-BLE2.3.3.0
2022-07-28 21:53:49,286 [WARN] PackLoader:242 - Cannot read IP mode file for STMicroelectronics.X-CUBE-DISPLAY.2.2.0
2022-07-28 21:53:49,301 [WARN] PackLoader:242 - Cannot read IP mode file for RoweBots.I-CUBE-UNISONRTOS.5.5.0-4
2022-07-28 21:53:49,315 [WARN] PackLoader:242 - Cannot read IP mode file for STMicroelectronics.X-CUBE-AZRTOS-H7.2.1.0
2022-07-28 21:53:49,322 [WARN] PackLoader:242 - Cannot read IP mode file for STMicroelectronics.X-CUBE-BLEMGR.1.0.0
2022-07-28 21:53:49,327 [WARN] PackLoader:242 - Cannot read IP mode file for STMicroelectronics.X-CUBE-ALGOBUILD.1.3.0
2022-07-28 21:53:49,338 [WARN] PackLoader:242 - Cannot read IP mode file for STMicroelectronics.X-CUBE-AZRTOS-G0.1.1.0
2022-07-28 21:53:49,346 [WARN] PackLoader:242 - Cannot read IP mode file for STMicroelectronics.X-CUBE-SUBG2.5.0.0
2022-07-28 21:53:49,397 [WARN] PackLoader:242 - Cannot read IP mode file for SEGGER.I-CUBE-embOS.1.2.0
2022-07-28 21:53:49,430 [WARN] PackLoader:242 - Cannot read IP mode file for STMicroelectronics.FP-ATR-ASTRA1.1.1.0
2022-07-28 21:53:49,440 [WARN] PackLoader:242 - Cannot read IP mode file for STMicroelectronics.X-CUBE-AZRTOS-G4.1.0.0
2022-07-28 21:53:49,445 [WARN] PackLoader:242 - Cannot read IP mode file for wolfSSL.I-CUBE-wolfSSL.5.3.0
2022-07-28 21:53:49,456 [WARN] PackLoader:242 - Cannot read IP mode file for STMicroelectronics.X-CUBE-AZRTOS-L4.1.0.0
2022-07-28 21:53:49,463 [WARN] PackLoader:242 - Cannot read IP mode file for emotas.I-CUBE-CANOPEN.1.1.2
2022-07-28 21:53:49,470 [WARN] PackLoader:242 - Cannot read IP mode file for STMicroelectronics.X-CUBE-TOUCHGFX.4.20.0
2022-07-28 21:53:49,480 [WARN] PackLoader:242 - Cannot read IP mode file for STMicroelectronics.X-CUBE-AZRTOS-F7.1.0.0
2022-07-28 21:53:49,488 [WARN] PackLoader:242 - Cannot read IP mode file for STMicroelectronics.X-CUBE-AZRTOS-WL.1.0.0
2022-07-28 21:53:49,493 [WARN] PackLoader:242 - Cannot read IP mode file for portGmbH.I-Cube-SoM-uGOAL.1.1.0
2022-07-28 21:53:49,501 [WARN] PackLoader:242 - Cannot read IP mode file for STMicroelectronics.X-CUBE-ALS.1.0.1
2022-07-28 21:53:49,511 [WARN] PackLoader:242 - Cannot read IP mode file for STMicroelectronics.X-CUBE-AZRTOS-L5.1.0.0
2022-07-28 21:53:49,517 [WARN] PackLoader:242 - Cannot read IP mode file for STMicroelectronics.X-CUBE-EEPRMA1.3.1.1
2022-07-28 21:53:49,520 [INFO] ThirdParty:929 - Integrity check success = true
2022-07-28 21:53:49,520 [INFO] IntegrityCheckThread:98 - exiting critical section [integrity check]
2022-07-28 21:53:49,521 [INFO] IntegrityCheckThread:101 - End integrity checks thread
2022-07-28 21:53:50,093 [INFO] LoadUrlFilesThread:177 - End of LoadServerUrlFiles without Thread
2022-07-28 21:53:50,107 [INFO] DetailPanel:339 - Set advertising image to C:/Users/chlsk/STM32Cube/Repository/\en.Prom_NBSTM32U50921.jpg
2022-07-28 21:53:50,521 [INFO] MultiScanPanel:778 - Auto Refresh Data is not needed
2022-07-28 21:53:50,543 [INFO] ApiDb:663 - CubeFinder database Data Model version=2.1
2022-07-28 21:53:50,543 [INFO] ApiDb:664 - CubeFinder database Configuration version=3.0.32
2022-07-28 21:53:50,544 [INFO] ApiDb:665 - CubeFinder database generation date=2022-07-13 (1657716335)
2022-07-28 21:53:50,544 [INFO] ApiDb:666 - CubeFinder database FW Pack versions=[STM32Cube_FW_C0_V1.0.0, STM32Cube_FW_F4_V1.27.1, STM32Cube_FW_F7_V1.17.0, STM32Cube_FW_G0_V1.6.1, STM32Cube_FW_G4_V1.5.0, STM32Cube_FW_H7_V1.10.0, STM32Cube_FW_L5_V1.4.0, STM32Cube_FW_U5_V1.1.1, STM32Cube_FW_WB_V1.14.0, STM32Cube_FW_WL_V1.2.0, X-CUBE-ALGOBUILD_V1.3.0, X-CUBE-ALS_V1.0.1, X-CUBE-AZRTOS-F4_V1.0.0, X-CUBE-AZRTOS-F7_V1.1.0, X-CUBE-AZRTOS-G0_V1.1.0, X-CUBE-AZRTOS-G4_V1.0.0, X-CUBE-AZRTOS-H7_V2.1.0, X-CUBE-AZRTOS-L4_V1.0.0, X-CUBE-AZRTOS-L5_V1.0.0, X-CUBE-AZRTOS-WL_V1.0.0, X-CUBE-BLE1_V6.2.3, X-CUBE-BLE2_V3.3.0, X-CUBE-EEPRMA1_V3.1.1, X-CUBE-GNSS1_V6.0.0, X-CUBE-MEMS1_V9.1.0, X-CUBE-NFC4_V2.0.3, X-CUBE-NFC7_V1.0.0, X-CUBE-SFXS2LP1_V3.1.0, X-CUBE-SUBG2_V5.0.0]
2022-07-28 21:53:50,603 [INFO] DbBoardsSqlite:227 - include board P-NUCLEO-WB55-NUCLEO as a kit item of type 'Nucleo-64'
2022-07-28 21:53:50,603 [INFO] DbBoardsSqlite:227 - include board P-NUCLEO-WB55-USBDONGLE as a kit item of type 'Nucleo USB Dongle'
2022-07-28 21:53:50,603 [INFO] DbBoardsSqlite:227 - include board STEVAL-IDP005V1 as a kit item of type 'Evaluation Board'
2022-07-28 21:53:50,603 [INFO] DbBoardsSqlite:227 - include board STEVAL-IDP005V2 as a kit item of type 'Evaluation Board'
2022-07-28 21:53:50,617 [INFO] ApiDb:239 - Found 138 in-development CPN: [B-WB1M-WPAN1, NUCLEO-C031C6, STEVAL-STWINBX1, STM320518-EVAL, STM32C0116-DK, STM32C011D6Y3TR, STM32C011D6Y6TR, STM32C011F4P3, STM32C011F4P6, STM32C011F4U3, STM32C011F4U6TR, STM32C011F6P3, STM32C011F6P6, STM32C011F6U3, STM32C011F6U6TR, STM32C011J4M3, STM32C011J4M6, STM32C011J6M3, STM32C011J6M6, STM32C0316-DK, STM32C031C4T3, STM32C031C4T6, STM32C031C4U3, STM32C031C4U6, STM32C031C6T3, STM32C031C6T6, STM32C031C6U3, STM32C031C6U6, STM32C031F4P3, STM32C031F4P6, STM32C031F6P3, STM32C031F6P6, STM32C031G4U3, STM32C031G4U6, STM32C031G6U3, STM32C031G6U6, STM32C031K4T3, STM32C031K4T6, STM32C031K4U3, STM32C031K4U6, STM32C031K6T3, STM32C031K6T6, STM32C031K6U3, STM32C031K6U6, STM32G071K8TXN, STM32G071K8UXN, STM32G081GBU6N, STM32G081KBT6N, STM32G081KBUXN, STM32G0B1CCT6N, STM32G0B1KCT6, STM32G0B1NEY6TR, STM32G0B1RCT6N, STM32G0C1CCT6, STM32G0C1CCT6N, STM32G0C1CCU6N, STM32G0C1CET6N, STM32G0C1CEU6N, STM32G0C1KCT6, STM32G0C1NEY6TR, STM32G0C1RCI6N, STM32G0C1RCT6N, STM32G0C1REI6N, STM32G0C1RET6N, STM32G0C1VCI6, STM32G0C1VEI6, STM32G471CCT6, STM32G471CCU6, STM32G471CET3, STM32G471CET6, STM32G471CEU3, STM32G471CEU6, STM32G471MCT6, STM32G471MET3, STM32G471MET6, STM32G471MEY6TR, STM32G471QCT6, STM32G471QET3, STM32G471RCT6, STM32G471RET3, STM32G471RET6, STM32G471VCH6, STM32G471VCI6, STM32G471VCT6, STM32G471VEH3, STM32G471VEH6, STM32G471VEI3, STM32G471VEI6, STM32G471VET3, STM32G471VET6, STM32G474CCT6, STM32L476VGY6PTR, STM32L4R5QGI6STR, STM32MP131AAE3, STM32MP131AAF3, STM32MP131AAG3, STM32MP131CAE3, STM32MP131CAF3, STM32MP131CAG3, STM32MP131DAE7, STM32MP131DAF7, STM32MP131DAG7, STM32MP131FAE7, STM32MP131FAF7, STM32MP131FAG7, STM32MP133AAE3, STM32MP133AAF3, STM32MP133AAG3, STM32MP133CAE3, STM32MP133CAF3, STM32MP133CAG3, STM32MP133DAE7, STM32MP133DAF7, STM32MP133DAG7, STM32MP133FAE7, STM32MP133FAF7, STM32MP133FAG7, STM32MP135AAE3, STM32MP135AAF3, STM32MP135AAG3, STM32MP135CAE3, STM32MP135CAF3, STM32MP135CAG3, STM32MP135DAE7, STM32MP135DAF7, STM32MP135DAG7, STM32MP135F-DK, STM32MP135FAE7, STM32MP135FAF7, STM32MP135FAG7, STM32U595ZJT6Q, STM32U599BJY6QTR, STM32U599NIH6Q, STM32U599NJH6Q, STM32U5A5ZJT6Q, STM32U5A9BJY6QTR, STM32U5A9NJH6Q, STM32WB1MMCH6]
2022-07-28 21:53:50,705 [INFO] BoardInfo:879 - No configuration file found for board P-NUCLEO-WB55
2022-07-28 21:53:50,705 [INFO] DbBoards:156 - Kit is not supported: P-NUCLEO-WB55
2022-07-28 21:53:50,710 [INFO] BoardInfo:879 - No configuration file found for board STEVAL-BFA001V1B
2022-07-28 21:53:50,710 [INFO] DbBoards:156 - Kit is not supported: STEVAL-BFA001V1B
2022-07-28 21:53:50,713 [INFO] BoardInfo:879 - No configuration file found for board STEVAL-BFA001V2B
2022-07-28 21:53:50,713 [INFO] DbBoards:156 - Kit is not supported: STEVAL-BFA001V2B
2022-07-28 21:53:50,806 [INFO] DbBoards:160 - Found 176 boards, 173 are supported
2022-07-28 21:53:50,812 [INFO] ApiDb:418 - Load user favorites file C:\Users\chlsk/.stm32cubeide/favorites.boards.txt: 0 item(s)
2022-07-28 21:53:50,812 [INFO] ApiDb:422 - User favorites Boards=[]
2022-07-28 21:53:50,813 [INFO] DbBoards:189 - Set 0 / 0 favorites Boards
2022-07-28 21:54:00,061 [ERROR] LogOutputStream:74 - [STDERR_REDIRECT] SLF4J: Failed to load class "org.slf4j.impl.StaticLoggerBinder".
2022-07-28 21:54:00,061 [ERROR] LogOutputStream:74 - [STDERR_REDIRECT] SLF4J: Defaulting to no-operation (NOP) logger implementation
2022-07-28 21:54:00,061 [ERROR] LogOutputStream:74 - [STDERR_REDIRECT] SLF4J: See http://www.slf4j.org/codes.html#StaticLoggerBinder for further details.
2022-07-28 21:54:00,974 [INFO] MultiScanPanel:195 - Auto-refresh data requested => check proxy status ongoing
2022-07-28 21:54:01,225 [INFO] LoadUrlFilesThread:177 - End of LoadServerUrlFiles without Thread
2022-07-28 21:54:01,225 [INFO] DetailPanel:339 - Set advertising image to C:/Users/chlsk/STM32Cube/Repository/\en.Prom_NBSTM32U50921.jpg
2022-07-28 21:54:01,240 [INFO] DbBoards:628 - Loading board mini-images...
2022-07-28 21:54:01,375 [ERROR] DbBoards:648 - No image file defined for board B-WB1M-WPAN1
2022-07-28 21:54:01,375 [ERROR] DbBoards:648 - No image file defined for board NUCLEO-C031C6
2022-07-28 21:54:02,127 [ERROR] DbBoards:648 - No image file defined for board STEVAL-STWINBX1
2022-07-28 21:54:02,153 [ERROR] DbBoards:648 - No image file defined for board STM32091C-EVAL
2022-07-28 21:54:02,153 [ERROR] DbBoards:648 - No image file defined for board STM32100E-EVAL
2022-07-28 21:54:02,153 [ERROR] DbBoards:648 - No image file defined for board STM3210C-EVAL
2022-07-28 21:54:02,160 [ERROR] DbBoards:648 - No image file defined for board STM3221G-EVAL
2022-07-28 21:54:02,160 [ERROR] DbBoards:648 - No image file defined for board STM32303C-EVAL
2022-07-28 21:54:02,201 [ERROR] DbBoards:648 - No image file defined for board STM32479I-EVAL
2022-07-28 21:54:02,201 [ERROR] DbBoards:648 - No image file defined for board STM32746G-EVAL2
2022-07-28 21:54:02,213 [ERROR] DbBoards:648 - No image file defined for board STM32C0116-DK
2022-07-28 21:54:02,213 [ERROR] DbBoards:648 - No image file defined for board STM32C0316-DK
2022-07-28 21:54:02,231 [ERROR] DbBoards:648 - No image file defined for board STM32F401C-DISCO
2022-07-28 21:54:02,260 [ERROR] DbBoards:648 - No image file defined for board STM32F7308-DK
2022-07-28 21:54:02,280 [ERROR] DbBoards:648 - No image file defined for board STM32F779I-EVAL
2022-07-28 21:54:02,370 [ERROR] DbBoards:648 - No image file defined for board STM32H747I-EVAL
2022-07-28 21:54:02,402 [ERROR] DbBoards:648 - No image file defined for board STM32L-DISCOVERY
2022-07-28 21:54:02,430 [ERROR] DbBoards:648 - No image file defined for board STM32L152D-EVAL
2022-07-28 21:54:02,514 [ERROR] DbBoards:648 - No image file defined for board STM32MP135F-DK
2022-07-28 21:54:02,620 [INFO] DbBoards:651 - Loaded 157 board mini-images
2022-07-28 21:54:02,658 [INFO] MultiScanPanel:778 - Auto Refresh Data is not needed
2022-07-28 21:54:40,943 [INFO] MainUpdater:2768 - connection check result : 10
2022-07-28 21:54:40,943 [INFO] MainUpdater:2768 - connection check result : 10
2022-07-28 21:54:40,962 [INFO] MicroXplorer:451 - Change Database Path : 
2022-07-28 21:54:40,962 [INFO] MicroXplorer:481 - Change Database Version : DB.6.0.60
2022-07-28 21:54:40,963 [WARN] ThirdParty:827 - waiting for thirdparty lock release [close project]
2022-07-28 21:54:40,963 [INFO] ThirdParty:829 - entering critical section [close project]
2022-07-28 21:54:40,964 [INFO] ThirdParty:839 - exiting critical section [close project]
2022-07-28 21:54:40,967 [INFO] PinOutPanel:1468 - setPackage(No Configuration,No Configuration)
2022-07-28 21:54:40,972 [INFO] UtilMem:74 - Begin LoadConfig() Used Memory: 426752960 Bytes (443547648)
2022-07-28 21:54:40,973 [INFO] OpenFileManager:307 - Change cursor
2022-07-28 21:54:40,997 [INFO] ProjectFactory:399 - No CPN specified for board NUCLEO-F411RE => set CPN to STM32F411RET6
2022-07-28 21:54:40,997 [INFO] Mcu:1922 - Initializing MCU STM32F411R(C-E)Tx STM32F411RETx STM32F411RET6
2022-07-28 21:54:42,522 [INFO] Context:654 - Trying to add GPIOservice into a context  which must be forbidden
2022-07-28 21:54:42,807 [INFO] Rule:225 - rule 117617 - U5Cobra4M][GTZC] default value MPCBB3 and MPCBB5 - Not Secured memory - MPCBB1 is applicable
2022-07-28 21:54:42,807 [INFO] Rule:225 - rule 117617 - U5Cobra4M][GTZC] default value MPCBB3 and MPCBB5 - Not Secured memory - MPCBB1 is applicable
2022-07-28 21:54:42,807 [INFO] Rule:225 - rule 117617 - U5Cobra4M][GTZC] default value MPCBB3 and MPCBB5 - Not Secured memory - MPCBB2 is applicable
2022-07-28 21:54:42,808 [INFO] Rule:225 - rule 117617 - U5Cobra4M][GTZC] default value MPCBB3 and MPCBB5 - Not Secured memory - MPCBB2 is applicable
2022-07-28 21:54:42,808 [INFO] Rule:225 - rule 117617 - U5Cobra4M][GTZC] default value MPCBB3 and MPCBB5 - Not Secured memory - MPCBB3 is applicable
2022-07-28 21:54:42,808 [INFO] Rule:225 - rule 117617 - U5Cobra4M][GTZC] default value MPCBB3 and MPCBB5 - Not Secured memory - MPCBB3 is applicable
2022-07-28 21:54:42,808 [INFO] Rule:225 - rule 117617 - U5Cobra4M][GTZC] default value MPCBB3 and MPCBB5 - Not Secured memory - MPCBB4 is applicable
2022-07-28 21:54:42,808 [INFO] Rule:225 - rule 117617 - U5Cobra4M][GTZC] default value MPCBB3 and MPCBB5 - Not Secured memory - MPCBB4 is applicable
2022-07-28 21:54:42,809 [INFO] Rule:225 - rule 117617 - U5Cobra4M][GTZC] default value MPCBB3 and MPCBB5 - Secured memory - MPCBB1 is applicable
2022-07-28 21:54:42,809 [INFO] Rule:225 - rule 117617 - U5Cobra4M][GTZC] default value MPCBB3 and MPCBB5 - Secured memory - MPCBB2 is applicable
2022-07-28 21:54:42,809 [INFO] Rule:225 - rule 117617 - U5Cobra4M][GTZC] default value MPCBB3 and MPCBB5 - Secured memory - MPCBB3 is applicable
2022-07-28 21:54:42,809 [INFO] Rule:225 - rule 117617 - U5Cobra4M][GTZC] default value MPCBB3 and MPCBB5 - Secured memory - MPCBB4 is applicable
2022-07-28 21:54:42,809 [INFO] Rule:225 - rule 117617 - U5Cobra4M][GTZC] default value MPCBB3 and MPCBB5 - Privileged memory - MPCBB1 is applicable
2022-07-28 21:54:42,809 [INFO] Rule:225 - rule 117617 - U5Cobra4M][GTZC] default value MPCBB3 and MPCBB5 - Privileged memory - MPCBB2 is applicable
2022-07-28 21:54:42,809 [INFO] Rule:225 - rule 117617 - U5Cobra4M][GTZC] default value MPCBB3 and MPCBB5 - Privileged memory - MPCBB3 is applicable
2022-07-28 21:54:42,809 [INFO] Rule:225 - rule 117617 - U5Cobra4M][GTZC] default value MPCBB3 and MPCBB5 - Privileged memory - MPCBB4 is applicable
2022-07-28 21:54:42,809 [INFO] Rule:225 - rule 117617 - U5Cobra4M][GTZC] default value MPCBB3 and MPCBB5 - Not Privileged memory - MPCBB1 is applicable
2022-07-28 21:54:42,809 [INFO] Rule:225 - rule 117617 - U5Cobra4M][GTZC] default value MPCBB3 and MPCBB5 - Not Privileged memory - MPCBB2 is applicable
2022-07-28 21:54:42,809 [INFO] Rule:225 - rule 117617 - U5Cobra4M][GTZC] default value MPCBB3 and MPCBB5 - Not Privileged memory - MPCBB3 is applicable
2022-07-28 21:54:42,809 [INFO] Rule:225 - rule 117617 - U5Cobra4M][GTZC] default value MPCBB3 and MPCBB5 - Not Privileged memory - MPCBB4 is applicable
2022-07-28 21:54:42,809 [INFO] Rule:225 - rule 117617 - U5Cobra4M][GTZC] default value MPCBB3 and MPCBB5 - Privileged memory - MPCBB1 is applicable
2022-07-28 21:54:42,809 [INFO] Rule:225 - rule 117617 - U5Cobra4M][GTZC] default value MPCBB3 and MPCBB5 - Privileged memory - MPCBB2 is applicable
2022-07-28 21:54:42,809 [INFO] Rule:225 - rule 117617 - U5Cobra4M][GTZC] default value MPCBB3 and MPCBB5 - Privileged memory - MPCBB3 is applicable
2022-07-28 21:54:42,809 [INFO] Rule:225 - rule 117617 - U5Cobra4M][GTZC] default value MPCBB3 and MPCBB5 - Privileged memory - MPCBB4 is applicable
2022-07-28 21:54:42,810 [INFO] Rule:225 - rule 117617 - U5Cobra4M][GTZC] default value MPCBB3 and MPCBB5 - Privileged memory - MPCBB1 is applicable
2022-07-28 21:54:42,810 [INFO] Rule:225 - rule 117617 - U5Cobra4M][GTZC] default value MPCBB3 and MPCBB5 - Privileged memory - MPCBB2 is applicable
2022-07-28 21:54:42,810 [INFO] Rule:225 - rule 117617 - U5Cobra4M][GTZC] default value MPCBB3 and MPCBB5 - Privileged memory - MPCBB3 is applicable
2022-07-28 21:54:42,810 [INFO] Rule:225 - rule 117617 - U5Cobra4M][GTZC] default value MPCBB3 and MPCBB5 - Privileged memory - MPCBB4 is applicable
2022-07-28 21:54:42,810 [INFO] Rule:225 - rule 117617 - U5Cobra4M][GTZC] default value MPCBB3 and MPCBB5 - Not Privileged memory - MPCBB1 is applicable
2022-07-28 21:54:42,810 [INFO] Rule:225 - rule 117617 - U5Cobra4M][GTZC] default value MPCBB3 and MPCBB5 - Not Privileged memory - MPCBB2 is applicable
2022-07-28 21:54:42,810 [INFO] Rule:225 - rule 117617 - U5Cobra4M][GTZC] default value MPCBB3 and MPCBB5 - Not Privileged memory - MPCBB3 is applicable
2022-07-28 21:54:42,810 [INFO] Rule:225 - rule 117617 - U5Cobra4M][GTZC] default value MPCBB3 and MPCBB5 - Not Privileged memory - MPCBB4 is applicable
2022-07-28 21:54:42,810 [INFO] Rule:225 - rule 117617 - U5Cobra4M][GTZC] default value MPCBB3 and MPCBB5 - Privileged memory - MPCBB1 is applicable
2022-07-28 21:54:42,810 [INFO] Rule:225 - rule 117617 - U5Cobra4M][GTZC] default value MPCBB3 and MPCBB5 - Privileged memory - MPCBB2 is applicable
2022-07-28 21:54:42,810 [INFO] Rule:225 - rule 117617 - U5Cobra4M][GTZC] default value MPCBB3 and MPCBB5 - Privileged memory - MPCBB3 is applicable
2022-07-28 21:54:42,810 [INFO] Rule:225 - rule 117617 - U5Cobra4M][GTZC] default value MPCBB3 and MPCBB5 - Privileged memory - MPCBB4 is applicable
2022-07-28 21:54:42,810 [INFO] Rule:225 - rule Rename SubGHz_Phy SUBGHZ_APPLICATION SUBGHZ_PINGPONG to SUBGHZ_ADV_APPLICATION is applicable
2022-07-28 21:54:42,810 [INFO] Rule:225 - rule Rename Enabled to IBEACON is applicable
2022-07-28 21:54:42,810 [INFO] Rule:225 - rule GTZC_S instance for project manager is applicable
2022-07-28 21:54:42,810 [INFO] Rule:225 - rule GTZC_S instance for context M33S is applicable
2022-07-28 21:54:42,810 [INFO] Rule:225 - rule GTZC_S instance value for IP GTZC is applicable
2022-07-28 21:54:42,810 [INFO] Rule:225 - rule GTZC_S instance for mcu.IP is applicable
2022-07-28 21:54:42,810 [INFO] Rule:225 - rule GTZC_S instance for VP is applicable
2022-07-28 21:54:42,810 [INFO] Rule:225 - rule GTZC_S instance for signal is applicable
2022-07-28 21:54:42,810 [INFO] Rule:225 - rule GTZC_S instance for mcu.Pin is applicable
2022-07-28 21:54:42,810 [INFO] Rule:225 - rule GTZC_S instance for VP is applicable
2022-07-28 21:54:42,810 [INFO] Rule:225 - rule GTZC_S instance for signal is applicable
2022-07-28 21:54:42,810 [INFO] Rule:225 - rule GTZC_S instance for mcu is applicable
2022-07-28 21:54:42,810 [INFO] Rule:225 - rule GTZC_S instance for mcu.Pin is applicable
2022-07-28 21:54:42,810 [INFO] Rule:225 - rule GTZC_S instance value for IP GTZC is applicable
2022-07-28 21:54:42,810 [INFO] Rule:225 - rule GTZC_S instance for project manager is applicable
2022-07-28 21:54:42,810 [INFO] Rule:225 - rule GTZC_S instance for context M33S is applicable
2022-07-28 21:54:42,810 [INFO] Rule:225 - rule GTZC_S instance for VP is applicable
2022-07-28 21:54:42,811 [INFO] Rule:225 - rule GTZC_S instance for signal is applicable
2022-07-28 21:54:42,811 [INFO] Rule:225 - rule SPDIFRX instance for mcu is applicable
2022-07-28 21:54:42,811 [INFO] Rule:225 - rule Rename Tracer Mode is applicable
2022-07-28 21:54:42,811 [INFO] Rule:225 - rule SPDIFRX instance value for IP SPDIFRX is applicable
2022-07-28 21:54:42,811 [INFO] Rule:225 - rule SPDIFRX instance for signal is applicable
2022-07-28 21:54:42,811 [INFO] Rule:225 - rule SPDIFRX instance for project manager is applicable
2022-07-28 21:54:42,811 [INFO] Rule:225 - rule SPDIFRX instance for project manager is applicable
2022-07-28 21:54:42,811 [INFO] Rule:225 - rule ADC Scan  fix with FW F7 is applicable
2022-07-28 21:54:42,811 [INFO] Rule:225 - rule ADC Scan  fix with FW F7 is applicable
2022-07-28 21:54:42,812 [INFO] Rule:225 - rule Add RTC Activate Clock Source is applicable
2022-07-28 21:54:42,812 [INFO] Rule:225 - rule Add RTC Activate Calendar 1 is applicable
2022-07-28 21:54:42,812 [INFO] Rule:225 - rule Add RTC Activate Calendar 2 is applicable
2022-07-28 21:54:42,812 [INFO] Rule:225 - rule Add RTC Activate Calendar 3 is applicable
2022-07-28 21:54:42,812 [INFO] Rule:225 - rule UART/USART TX Mode is applicable
2022-07-28 21:54:42,812 [INFO] Rule:225 - rule UART/USART RX Mode is applicable
2022-07-28 21:54:42,812 [INFO] Rule:225 - rule UART/USART RX TX Mode is applicable
2022-07-28 21:54:42,812 [INFO] Rule:225 - rule UART/USART PARITY NONE is applicable
2022-07-28 21:54:42,812 [INFO] Rule:225 - rule UART/USART PARITY EVEN is applicable
2022-07-28 21:54:42,812 [INFO] Rule:225 - rule UART/USART PARITY ODD is applicable
2022-07-28 21:54:42,812 [INFO] Rule:225 - rule USART StopBits 1 is applicable
2022-07-28 21:54:42,812 [INFO] Rule:225 - rule USART StopBits 2 is applicable
2022-07-28 21:54:42,812 [INFO] Rule:225 - rule USART StopBits 1.5 is applicable
2022-07-28 21:54:42,812 [INFO] Rule:225 - rule USART StopBits 0.5 is applicable
2022-07-28 21:54:42,812 [INFO] Rule:225 - rule UART/USART WORD LENGTH 7 is applicable
2022-07-28 21:54:42,812 [INFO] Rule:225 - rule UART/USART WORD LENGTH 8 is applicable
2022-07-28 21:54:42,812 [INFO] Rule:225 - rule UART/USART WORD LENGTH 9 is applicable
2022-07-28 21:54:42,812 [INFO] Rule:225 - rule Rename FMC NAND NCE signal is applicable
2022-07-28 21:54:42,812 [INFO] Rule:225 - rule Rename FMC NAND INT signal is applicable
2022-07-28 21:54:42,812 [INFO] Rule:225 - rule Change Default Value for ADC Clock Prescaler G0 family is applicable
2022-07-28 21:54:42,812 [INFO] Rule:225 - rule Change Default Value for ADC ExternalTrigConv L4 family is applicable
2022-07-28 21:54:42,812 [INFO] Rule:225 - rule Change Default Value for ADC ExternalTrigInjecConv L4 family is applicable
2022-07-28 21:54:42,812 [INFO] Rule:225 - rule Change Default Value for ADC ExternalTrigConv F3 family is applicable
2022-07-28 21:54:42,812 [INFO] Rule:225 - rule Change Default Value for ADC ExternalTrigInjecConv F3 family is applicable
2022-07-28 21:54:42,814 [INFO] Rule:225 - rule Change Default Value for ADC ExternalTrigConv Goldfish serie is applicable
2022-07-28 21:54:42,814 [INFO] Rule:225 - rule Change Default Value for ADC ExternalTrigInjecConv Goldfish serie is applicable
2022-07-28 21:54:42,814 [INFO] Rule:225 - rule Change Default Value for ADC ExternalTrigConv L0 family is applicable
2022-07-28 21:54:42,814 [INFO] Rule:225 - rule Change Default Value for ADC ExternalTrigConv F0 family is applicable
2022-07-28 21:54:42,814 [INFO] Rule:225 - rule Change Default Value for ADC ExternalTrigConvn L1 family is applicable
2022-07-28 21:54:42,814 [INFO] Rule:225 - rule Change Default Value for ADC ExternalTrigInjecConv L1 family is applicable
2022-07-28 21:54:42,814 [INFO] Rule:225 - rule Change Default Value for ADC ExternalTrigConv F1 family is applicable
2022-07-28 21:54:42,814 [INFO] Rule:225 - rule Change Default Value for ADC ExternalTrigInjecConv F1 family is applicable
2022-07-28 21:54:42,814 [INFO] Rule:225 - rule Change Default Value for ADC ExternalTrigConv F7 family is applicable
2022-07-28 21:54:42,814 [INFO] Rule:225 - rule Change Default Value for ADC ExternalTrigInjecConv F7 family is applicable
2022-07-28 21:54:42,814 [INFO] Rule:225 - rule Change Default Value for ADC ExternalTrigConv F4 and F2 family is applicable
2022-07-28 21:54:42,814 [INFO] Rule:225 - rule Change Default Value for ADC ExternalTrigInjecConv F4 and F2 family is applicable
2022-07-28 21:54:42,814 [INFO] Rule:225 - rule ADC SamplingTime fix with FW L0  is applicable
2022-07-28 21:54:42,814 [INFO] Rule:225 - rule ADC SamplingTime fix with FW L0  is applicable
2022-07-28 21:54:42,814 [INFO] Rule:225 - rule ADC SamplingTime fix with FW L0 is applicable
2022-07-28 21:54:42,814 [INFO] Rule:225 - rule ADC SamplingTime fix with FW L0 is applicable
2022-07-28 21:54:42,814 [INFO] Rule:225 - rule ADC SamplingTime fix with FW L0  is applicable
2022-07-28 21:54:42,814 [INFO] Rule:225 - rule ADC SamplingTime fix with FW L0 is applicable
2022-07-28 21:54:42,814 [INFO] Rule:225 - rule Rename USB_OE Signal is applicable
2022-07-28 21:54:42,814 [INFO] Rule:225 - rule Rename Activate_OE Mode is applicable
2022-07-28 21:54:42,814 [INFO] Rule:225 - rule Rename DIE462/DIE415 pin PC14/OSC32_IN -> PC14-OSC32_IN (PC14) is applicable
2022-07-28 21:54:42,816 [INFO] Rule:225 - rule Rename DIE462/DIE415 pin PC15/OSC32_OUT -> PC15-OSC32_OUT (PC15) is applicable
2022-07-28 21:54:42,816 [INFO] Rule:225 - rule Rename DIE462/DIE415 pin PH0/OSC_IN -> PH0-OSC_IN (PH0) is applicable
2022-07-28 21:54:42,816 [INFO] Rule:225 - rule Rename DIE462/DIE415 pin PH1/OSC_OUT -> PH1-OSC_OUT (PH1) is applicable
2022-07-28 21:54:42,816 [INFO] Rule:225 - rule Rename DIE462 pin PA13 -> PA13 (JTMS/SWDIO) is applicable
2022-07-28 21:54:42,816 [INFO] Rule:225 - rule Rename DIE415 pin PA13 -> PA13 (JTMS/SWDIO) is applicable
2022-07-28 21:54:42,816 [INFO] Rule:225 - rule Rename DIE462 pin PA14 -> PA14 (JTCK/SWCLK) is applicable
2022-07-28 21:54:42,816 [INFO] Rule:225 - rule Rename DIE415 pin PA14 -> PA14 (JTCK/SWCLK) is applicable
2022-07-28 21:54:42,816 [INFO] Rule:225 - rule Rename DIE462/DIE415 pin PA15 -> PA15 (JTDI) is applicable
2022-07-28 21:54:42,816 [INFO] Rule:225 - rule Rename DIE462 pin PB3 -> PB3 (JTD0/TRACESWO) is applicable
2022-07-28 21:54:42,816 [INFO] Rule:225 - rule Rename DIE415 pin PB3 -> PB3 (JTD0-TRACESWO) is applicable
2022-07-28 21:54:42,816 [INFO] Rule:225 - rule Rename DIE462/DIE415 pin PB4 -> PB4 (NJTRST) is applicable
2022-07-28 21:54:42,816 [INFO] Rule:225 - rule Rename DIE462 pin PH3/BOOT0 -> PH3-BOOT0 (BOOT0) is applicable
2022-07-28 21:54:42,816 [INFO] Rule:225 - rule Rename CRYP DataEncryptionTypesList to Algorithm is applicable
2022-07-28 21:54:42,816 [INFO] Rule:225 - rule Rename AES DataEncryptionTypesList to Algorithm is applicable
2022-07-28 21:54:42,816 [INFO] Rule:225 - rule Rename TDESECB to CRYP_TDES_ECB is applicable
2022-07-28 21:54:42,816 [INFO] Rule:225 - rule Rename TDESCBC to CRYP_TDES_CBC is applicable
2022-07-28 21:54:42,816 [INFO] Rule:225 - rule Rename DESECB to CRYP_DES_ECB is applicable
2022-07-28 21:54:42,816 [INFO] Rule:225 - rule Rename DESCBC to CRYP_DES_CBC is applicable
2022-07-28 21:54:42,816 [INFO] Rule:225 - rule Rename AESECB to CRYP_AES_ECB is applicable
2022-07-28 21:54:42,816 [INFO] Rule:225 - rule Rename AESCBC to CRYP_AES_CBC is applicable
2022-07-28 21:54:42,816 [INFO] Rule:225 - rule Rename AESCTR to CRYP_AES_CTR is applicable
2022-07-28 21:54:42,816 [INFO] Rule:225 - rule Rename AESGCM to CRYP_AES_GCM is applicable
2022-07-28 21:54:42,818 [INFO] Rule:225 - rule Rename AESCCM to CRYP_AES_CCM is applicable
2022-07-28 21:54:42,818 [INFO] Rule:225 - rule Rename CAN TimeSeg1 to BS1 is applicable
2022-07-28 21:54:42,818 [INFO] Rule:225 - rule Rename CAN TimeSeg2 to BS2 is applicable
2022-07-28 21:54:42,818 [INFO] Rule:225 - rule Rename CAN SyncJumpWidth to SJW is applicable
2022-07-28 21:54:42,818 [INFO] Rule:225 - rule TimeTriggeredMode to TTCM is applicable
2022-07-28 21:54:42,818 [INFO] Rule:225 - rule Rename CAN AutoBusOff to ABOM is applicable
2022-07-28 21:54:42,818 [INFO] Rule:225 - rule Rename CAN AutoWakeUp to AWUM is applicable
2022-07-28 21:54:42,818 [INFO] Rule:225 - rule Rename CAN AutoRetransmission to NART is applicable
2022-07-28 21:54:42,818 [INFO] Rule:225 - rule Rename CAN ReceiveFifoLocked to RFLM is applicable
2022-07-28 21:54:42,818 [INFO] Rule:225 - rule Rename CAN TransmitFifoPriority to TXFP is applicable
2022-07-28 21:54:42,818 [INFO] Rule:225 - rule Rename HRTIMER HRTIM_OUTPUTFAULTLEVEL_HIGH in HRTIMER HRTIM_OUTPUTFAULTLEVEL_HIGHZ is applicable
2022-07-28 21:54:42,818 [INFO] Rule:225 - rule Rename TIMER TIM_CLEARINPUTSOURCE_OCREFCLR in  TIMER TIM_CLEARINPUTSOURCE_NONE for F7 family is applicable
2022-07-28 21:54:42,818 [INFO] Rule:225 - rule FDCAN_R1 - Rename FDCAN mode Master into Classic is applicable
2022-07-28 21:54:42,818 [INFO] Rule:225 - rule FDCAN_R2 - Rename FDCAN mode Slave into Classic is applicable
2022-07-28 21:54:42,818 [INFO] Rule:225 - rule FDCAN1_R3 - if PA10.Mode=FullDuplex, add Pin PA12 is applicable
2022-07-28 21:54:42,818 [INFO] Rule:225 - rule FDCAN1_R3 - if PA9.Mode=FullDuplex, add Pin PA11 is applicable
2022-07-28 21:54:42,818 [INFO] Rule:225 - rule FDCAN1_R3 - Alternatepin_1 - if PE1.Mode=FullDuplex, add Pin PB9 is applicable
2022-07-28 21:54:42,818 [INFO] Rule:225 - rule FDCAN1_R3 - Alternatepin_1 - if PE0.Mode=FullDuplex, add Pin PB8 is applicable
2022-07-28 21:54:42,818 [INFO] Rule:225 - rule FDCAN1_R3 - Alternatepin_2 - if PD5.Mode=FullDuplex, add Pin PD1 is applicable
2022-07-28 21:54:42,818 [INFO] Rule:225 - rule FDCAN1_R3 - Alternatepin_2 - if PD4.Mode=FullDuplex, add Pin PD0 is applicable
2022-07-28 21:54:42,818 [INFO] Rule:225 - rule FDCAN1_R4 - Rename Mode FullDuplex into Enable FDCAN_TXFD for pin PA10 is applicable
2022-07-28 21:54:42,818 [INFO] Rule:225 - rule FDCAN1_R4 - Rename Mode FullDuplex into Enable FDCAN_TXFD for pin PA9 is applicable
2022-07-28 21:54:42,818 [INFO] Rule:225 - rule FDCAN1_R4 - Alternatepin_1 - Rename Mode FullDuplex into Enable FDCAN_TXFD for pin PE1 is applicable
2022-07-28 21:54:42,818 [INFO] Rule:225 - rule FDCAN1_R4 - Alternatepin_1 - Rename Mode FullDuplex into Enable FDCAN_TXFD for pin PE0 is applicable
2022-07-28 21:54:42,818 [INFO] Rule:225 - rule FDCAN1_R4 - Alternatepin_2 - Rename Mode FullDuplex into Enable FDCAN_TXFD for pin PD5 is applicable
2022-07-28 21:54:42,818 [INFO] Rule:225 - rule FDCAN1_R4 - Alternatepin_2 - Rename Mode FullDuplex into Enable FDCAN_TXFD for pin PD4 is applicable
2022-07-28 21:54:42,818 [INFO] Rule:225 - rule FDCAN2_R3 - if PD10.Mode=FullDuplex, add Pin PB13 is applicable
2022-07-28 21:54:42,818 [INFO] Rule:225 - rule FDCAN2_R3 - if PD9.Mode=FullDuplex, add Pin PB12 is applicable
2022-07-28 21:54:42,818 [INFO] Rule:225 - rule FDCAN2_R3 - Alternatepin_1 - if PB7.Mode=FullDuplex, add Pin PB6 is applicable
2022-07-28 21:54:42,818 [INFO] Rule:225 - rule FDCAN2_R3 - Alternatepin_1 - if PD9.Mode=FullDuplex, add Pin PB12 is applicable
2022-07-28 21:54:42,818 [INFO] Rule:225 - rule FDCAN2_R4 - Rename Mode FullDuplex into Enable FDCAN_TXFD for pin PD10 is applicable
2022-07-28 21:54:42,818 [INFO] Rule:225 - rule FDCAN2_R4 - Rename Mode FullDuplex into Enable FDCAN_TXFD for pin PD9 is applicable
2022-07-28 21:54:42,818 [INFO] Rule:225 - rule FDCAN2_R4 - Alternatepin_1 - Rename Mode FullDuplex into Enable FDCAN_TXFD for pin PB7 is applicable
2022-07-28 21:54:42,818 [INFO] Rule:225 - rule FDCAN2_R4 - Alternatepin_1 - Rename Mode FullDuplex into Enable FDCAN_TXFD for pin PD6 is applicable
2022-07-28 21:54:42,818 [INFO] Rule:225 - rule USART TxPinLevelInvertParam Mode is applicable
2022-07-28 21:54:42,818 [INFO] Rule:225 - rule USART RxPinLevelInvertParam Mode is applicable
2022-07-28 21:54:42,818 [INFO] Rule:225 - rule USART DataInvertParam Mode is applicable
2022-07-28 21:54:42,818 [INFO] Rule:225 - rule USART SwapParam Mode is applicable
2022-07-28 21:54:42,818 [INFO] Rule:225 - rule USART OverrunDisableParam Mode is applicable
2022-07-28 21:54:42,818 [INFO] Rule:225 - rule USART DMADisableonRxErrorParam Mode is applicable
2022-07-28 21:54:42,818 [INFO] Rule:225 - rule USART MSBFirstParam Mode is applicable
2022-07-28 21:54:42,818 [INFO] Rule:225 - rule Update MwName for USB_DEVICE is applicable
2022-07-28 21:54:42,818 [INFO] Rule:225 - rule Change PWR_Regulator_Voltage_Scale Default Value for RCC  H7 family is applicable
2022-07-28 21:54:42,818 [INFO] Rule:225 - rule UART/USART IPParameter rename Prescaler parameter to ClockPrescaler is applicable
2022-07-28 21:54:42,818 [INFO] Rule:225 - rule UART/USART Prescaler rename Prescaler parameter to ClockPrescaler is applicable
2022-07-28 21:54:42,818 [INFO] Rule:225 - rule TIM1CLockSelection is applicable
2022-07-28 21:54:42,818 [INFO] Rule:225 - rule TIM15CLockSelection is applicable
2022-07-28 21:54:42,818 [INFO] Rule:225 - rule align RCC SDMMC3CLockSelection default value on MP1 is applicable
2022-07-28 21:54:42,818 [INFO] Rule:225 - rule align RCC SDMMC12CLockSelection default value on MP1 is applicable
2022-07-28 21:54:42,818 [INFO] Rule:225 - rule align RCC QSPICLockSelection default value on MP1 is applicable
2022-07-28 21:54:42,818 [INFO] Rule:225 - rule align RCC QSPICLockSelection default value on MP1 is applicable
2022-07-28 21:54:42,818 [INFO] Rule:225 - rule align RCC SPI6CLockSelection default value on MP1 is applicable
2022-07-28 21:54:42,818 [INFO] Rule:225 - rule align RCC LPTIM23CLockSelection default value on MP1 is applicable
2022-07-28 21:54:42,818 [INFO] Rule:225 - rule align RCC LPTIM1CLockSelection default value on MP1 is applicable
2022-07-28 21:54:42,818 [INFO] Rule:225 - rule align RCC USART1CLockSelection default value on MP1 is applicable
2022-07-28 21:54:42,818 [INFO] Rule:225 - rule align RCC USART24CLockSelection default value on MP1 is applicable
2022-07-28 21:54:42,818 [INFO] Rule:225 - rule align RCC USART6CLockSelection default value on MP1 is applicable
2022-07-28 21:54:42,818 [INFO] Rule:225 - rule align RCC UART78CLockSelection default value on MP1 is applicable
2022-07-28 21:54:42,818 [INFO] Rule:225 - rule align RCC USART35CLockSelection default value on MP1 is applicable
2022-07-28 21:54:42,820 [INFO] Rule:225 - rule align RCC SPI45CLockSelection default value on MP1 is applicable
2022-07-28 21:54:42,820 [INFO] Rule:225 - rule align RCC I2C46CLockSelection BCLK value on MP1 is applicable
2022-07-28 21:54:42,820 [INFO] Rule:225 - rule align RCC SPI45CLockSelection default value on MP1 is applicable
2022-07-28 21:54:42,820 [INFO] Rule:225 - rule align RCC I2C12CLockSelection default value on MP1 is applicable
2022-07-28 21:54:42,820 [INFO] Rule:225 - rule align RCC I2C35CLockSelection default value on MP1 is applicable
2022-07-28 21:54:42,820 [INFO] Rule:225 - rule align RCC LPTIM45CLockSelection default value on MP1 is applicable
2022-07-28 21:54:42,820 [INFO] Rule:225 - rule Rename DCMI PIXCK signal is applicable
2022-07-28 21:54:42,820 [INFO] Rule:225 - rule Change Default Value for I2C46CLockSelection MP1 family is applicable
2022-07-28 21:54:42,820 [INFO] Rule:225 - rule Change Default Value for UART for G4, G0 and WB families is applicable
2022-07-28 21:54:42,820 [INFO] Rule:225 - rule Change Default Value for USART for G4, G0 and WB families is applicable
2022-07-28 21:54:42,820 [INFO] Rule:225 - rule Change Default Value for USART for G4 family is applicable
2022-07-28 21:54:42,820 [INFO] Rule:225 - rule Change USART1CLockSelection refparam name for MP1 is applicable
2022-07-28 21:54:42,820 [INFO] Rule:225 - rule Change USART2CLockSelection refparam name for MP1 is applicable
2022-07-28 21:54:42,820 [INFO] Rule:225 - rule Change USART3CLockSelection refparam name for MP1 is applicable
2022-07-28 21:54:42,820 [INFO] Rule:225 - rule Change UART4CLockSelection refparam name for MP1 is applicable
2022-07-28 21:54:42,820 [INFO] Rule:225 - rule Change UART5CLockSelection refparam name for MP1 is applicable
2022-07-28 21:54:42,820 [INFO] Rule:225 - rule Change LPUART1CLockSelection refparam name for MP1 is applicable
2022-07-28 21:54:42,820 [INFO] Rule:225 - rule Change LPTIM1CLockSelection refparam name for MP1 is applicable
2022-07-28 21:54:42,820 [INFO] Rule:225 - rule Change LPTIM2CLockSelection refparam name for MP1 is applicable
2022-07-28 21:54:42,820 [INFO] Rule:225 - rule Change RCC_MCO1Source refparam name for MP1 is applicable
2022-07-28 21:54:42,820 [INFO] Rule:225 - rule Change LSCOSource1 refparam name for MP1 is applicable
2022-07-28 21:54:42,820 [INFO] Rule:225 - rule Change SMPSCLockSelection refparam name for MP1 is applicable
2022-07-28 21:54:42,820 [INFO] Rule:225 - rule Change LPTIM3CLockSelection refparam name for MP1 is applicable
2022-07-28 21:54:42,820 [INFO] Rule:225 - rule Change MPCBB* Default Template Mode to Parameters is applicable
2022-07-28 21:54:42,820 [INFO] Rule:225 - rule Change MPCWM* or MPCBB* Secure Mode to Parameters is applicable
2022-07-28 21:54:42,820 [INFO] Rule:225 - rule Change MPCWM* or MPCBB* No Secure Mode to Parameters is applicable
2022-07-28 21:54:42,820 [INFO] Rule:225 - rule Change TZSC IP Secure Mode to Parameters is applicable
2022-07-28 21:54:42,820 [INFO] Rule:225 - rule Change TZSC IP No Secure Mode to Parameters is applicable
2022-07-28 21:54:42,820 [INFO] Rule:225 - rule Change TZSC IP Privilege Mode to Parameters is applicable
2022-07-28 21:54:42,820 [INFO] Rule:225 - rule Change TZSC IP No Privilege Mode to Parameters is applicable
2022-07-28 21:54:42,820 [INFO] Rule:225 - rule Change TZIC IT Secure Mode to Parameters is applicable
2022-07-28 21:54:42,820 [INFO] Rule:225 - rule Change TZIC IT No Secure Mode to Parameters is applicable
2022-07-28 21:54:42,820 [INFO] Rule:225 - rule Add MPCBB1_NonSecureArea_Start_Address value with referenced to MPCBB1_NonSecureArea_Start value is applicable
2022-07-28 21:54:42,820 [INFO] Rule:225 - rule Add MPCBB2_NonSecureArea_Start_Address value with referenced to MPCBB2_NonSecureArea_Start value is applicable
2022-07-28 21:54:42,820 [INFO] Rule:225 - rule Add MPCWM1_NonSecureArea*_Start_Address value with referenced to MPCWM1_NonSecureArea*_Start value is applicable
2022-07-28 21:54:42,820 [INFO] Rule:225 - rule Add MPCWM2_NonSecureArea*_Start_Address value with referenced to MPCWM2_NonSecureArea*_Start value is applicable
2022-07-28 21:54:42,820 [INFO] Rule:225 - rule Add MPCWM3_NonSecureArea_Start_Address value with referenced to MPCWM3_NonSecureArea_Start value is applicable
2022-07-28 21:54:42,820 [INFO] Rule:225 - rule Change Default Value for PLL1UserDefinedConfig is applicable
2022-07-28 21:54:42,820 [INFO] Rule:225 - rule Change GPIO_PuPd Default Value for USART in async mode is applicable
2022-07-28 21:54:42,820 [INFO] Rule:225 - rule Change SMPSDivider Default Value is applicable
2022-07-28 21:54:42,820 [INFO] Rule:225 - rule OPAMP is applicable
2022-07-28 21:54:42,820 [INFO] Rule:225 - rule LPUART IPParameter rename Prescaler parameter to ClockPrescaler for STM32H7 is applicable
2022-07-28 21:54:42,820 [INFO] Rule:225 - rule LPUART IPParameter rename Prescaler parameter to ClockPrescaler for STM32H7 is applicable
2022-07-28 21:54:42,820 [INFO] Rule:225 - rule LPUART IPParameter rename Prescaler parameter to ClockPrescaler for STM32WB is applicable
2022-07-28 21:54:42,820 [INFO] Rule:225 - rule LPUART IPParameter rename Prescaler parameter to ClockPrescaler for STM32WB is applicable
2022-07-28 21:54:42,820 [INFO] Rule:225 - rule LPUART IPParameter rename Prescaler parameter to ClockPrescaler for STM32G4 is applicable
2022-07-28 21:54:42,820 [INFO] Rule:225 - rule LPUART IPParameter rename Prescaler parameter to ClockPrescaler for STM32G4 is applicable
2022-07-28 21:54:42,820 [INFO] Rule:225 - rule LPUART IPParameter rename Prescaler parameter to ClockPrescaler for STM32L5 is applicable
2022-07-28 21:54:42,820 [INFO] Rule:225 - rule LPUART IPParameter rename Prescaler parameter to ClockPrescaler for STM32L5 is applicable
2022-07-28 21:54:42,820 [INFO] Rule:225 - rule LPUART IPParameter rename Prescaler parameter to ClockPrescaler for STM32G4 is applicable
2022-07-28 21:54:42,820 [INFO] Rule:225 - rule LPUART IPParameter rename Prescaler parameter to ClockPrescaler for STM32G4 is applicable
2022-07-28 21:54:42,820 [INFO] Rule:225 - rule USB device lib V2.5.3 for L0 rename USBD_SUPPORT_USER_STRING parameter to USBD_SUPPORT_USER_STRING_DESC4 is applicable
2022-07-28 21:54:42,825 [INFO] Rule:225 - rule I2SCLockSelection clock entry align is applicable
2022-07-28 21:54:42,825 [INFO] Rule:225 - rule Assign TIMx context if used as SYS timebase is applicable
2022-07-28 21:54:42,825 [INFO] Rule:225 - rule Change GPIO_Pu Default Value for I2C is applicable
2022-07-28 21:54:42,825 [INFO] Rule:225 - rule Change GPIO_Pu Default Value for SMBus is applicable
2022-07-28 21:54:42,826 [INFO] Rule:225 - rule change FDCAN default value is applicable
2022-07-28 21:54:42,826 [INFO] Rule:225 - rule Change mode sai is applicable
2022-07-28 21:54:42,826 [INFO] Rule:225 - rule **Change sai mode is applicable
2022-07-28 21:54:42,842 [INFO] DbConfProperties:305 - Apply Compatibility (49/247 Rules)
2022-07-28 21:54:42,855 [INFO] ImportTextPane:193 - (OptionalMessage_ERROR) Unable to find key (Mcu.ThirdPartyNb) in loaded IOC file
2022-07-28 21:54:43,026 [WARN] ApiManager:308 - Cannot register API 'Board Extension:GNSS1A1' from pack STMicroelectronics.X-CUBE-GNSS1.6.0.0: no header file found
2022-07-28 21:54:43,028 [WARN] ApiManager:308 - Cannot register API 'Board Support:Custom' from pack STMicroelectronics.X-CUBE-GNSS1.6.0.0: no header file found
2022-07-28 21:54:43,028 [WARN] ApiManager:308 - Cannot register API 'Data Exchange:lib_gnss' from pack STMicroelectronics.X-CUBE-GNSS1.6.0.0: no header file found
2022-07-28 21:54:43,164 [WARN] ApiManager:308 - Cannot register API 'Board Extension:IKS01A3' from pack STMicroelectronics.X-CUBE-MEMS1.9.2.0: no header file found
2022-07-28 21:54:43,165 [WARN] ApiManager:308 - Cannot register API 'Board Extension:IKS01A2' from pack STMicroelectronics.X-CUBE-MEMS1.9.2.0: no header file found
2022-07-28 21:54:43,166 [WARN] ApiManager:308 - Cannot register API 'Board Extension:IKS02A1' from pack STMicroelectronics.X-CUBE-MEMS1.9.2.0: no header file found
2022-07-28 21:54:43,172 [WARN] ApiManager:308 - Cannot register API 'Wireless:BlueNRG-MS' from pack STMicroelectronics.X-CUBE-BLE1.6.2.3: no header file found
2022-07-28 21:54:43,172 [INFO] RtosManager:488 - Registered RTOS mode: class=CMSIS, group=RTOS, mode=CMSIS_V1, owner=FREERTOS
2022-07-28 21:54:43,172 [INFO] RtosManager:488 - Registered RTOS mode: class=CMSIS, group=RTOS2, mode=CMSIS_V2, owner=FREERTOS
2022-07-28 21:54:43,172 [INFO] RtosManager:488 - Registered RTOS mode: class=RTOS, group=Core, mode=CMSIS_V1, owner=FREERTOS
2022-07-28 21:54:43,172 [INFO] RtosManager:488 - Registered RTOS mode: class=RTOS, group=Core, mode=CMSIS_V2, owner=FREERTOS
2022-07-28 21:54:43,180 [WARN] ModelIntegratedComponent:185 - Missing modes for component STMicroelectronics:FreeRTOS:0.0.1:STMicroelectronics:RTOS:FreeRTOS:Core:::10.2.0:
2022-07-28 21:54:43,181 [WARN] ApiManager:308 - Cannot register API 'Board Extension:S2868A1' from pack STMicroelectronics.X-CUBE-SUBG2.5.0.0: no header file found
2022-07-28 21:54:43,187 [WARN] ApiManager:308 - Cannot register API 'Board Extension:S2868A2' from pack STMicroelectronics.X-CUBE-SUBG2.5.0.0: no header file found
2022-07-28 21:54:43,187 [WARN] ApiManager:308 - Cannot register API 'Board Extension:S2915A1' from pack STMicroelectronics.X-CUBE-SUBG2.5.0.0: no header file found
2022-07-28 21:54:43,193 [WARN] ApiManager:308 - Cannot register API 'Board Extension:NFC04A1' from pack STMicroelectronics.X-CUBE-NFC4.2.0.4: no header file found
2022-07-28 21:54:43,194 [WARN] ModelIntegratedComponent:183 - Modes not found for component STMicroelectronics:USB_HOST:1.0.0:STMicroelectronics:USB::USB Host:Audio HS::1.0:USB_HOST_1_0_RESTRICTED_HS
2022-07-28 21:54:43,194 [WARN] ModelIntegratedComponent:189 - Modes not found for component STMicroelectronics:USB_HOST:1.0.0:STMicroelectronics:USB::USB Host:Audio HS::1.0:USB_HOST_1_0_RESTRICTED_HS
2022-07-28 21:54:43,195 [WARN] ModelIntegratedComponent:183 - Modes not found for component STMicroelectronics:USB_HOST:1.0.0:STMicroelectronics:USB::USB Host:CDC HS::1.0:USB_HOST_1_0_RESTRICTED_HS
2022-07-28 21:54:43,195 [WARN] ModelIntegratedComponent:189 - Modes not found for component STMicroelectronics:USB_HOST:1.0.0:STMicroelectronics:USB::USB Host:CDC HS::1.0:USB_HOST_1_0_RESTRICTED_HS
2022-07-28 21:54:43,196 [WARN] ModelIntegratedComponent:183 - Modes not found for component STMicroelectronics:USB_HOST:1.0.0:STMicroelectronics:USB::USB Host:MSC HS::1.0:USB_HOST_1_0_RESTRICTED_HS
2022-07-28 21:54:43,196 [WARN] ModelIntegratedComponent:189 - Modes not found for component STMicroelectronics:USB_HOST:1.0.0:STMicroelectronics:USB::USB Host:MSC HS::1.0:USB_HOST_1_0_RESTRICTED_HS
2022-07-28 21:54:43,196 [WARN] ModelIntegratedComponent:183 - Modes not found for component STMicroelectronics:USB_HOST:1.0.0:STMicroelectronics:USB::USB Host:HID HS::1.0:USB_HOST_1_0_RESTRICTED_HS
2022-07-28 21:54:43,197 [WARN] ModelIntegratedComponent:189 - Modes not found for component STMicroelectronics:USB_HOST:1.0.0:STMicroelectronics:USB::USB Host:HID HS::1.0:USB_HOST_1_0_RESTRICTED_HS
2022-07-28 21:54:43,197 [WARN] ModelIntegratedComponent:183 - Modes not found for component STMicroelectronics:USB_HOST:1.0.0:STMicroelectronics:USB::USB Host:MTP HS::1.0:USB_HOST_1_0_RESTRICTED_HS
2022-07-28 21:54:43,198 [WARN] ModelIntegratedComponent:189 - Modes not found for component STMicroelectronics:USB_HOST:1.0.0:STMicroelectronics:USB::USB Host:MTP HS::1.0:USB_HOST_1_0_RESTRICTED_HS
2022-07-28 21:54:43,204 [WARN] ModelIntegratedComponent:64 - No mode defined for component null
2022-07-28 21:54:43,204 [WARN] ModelIntegratedComponent:64 - No mode defined for component null
2022-07-28 21:54:43,204 [WARN] ModelIntegratedComponent:64 - No mode defined for component null
2022-07-28 21:54:43,204 [WARN] ModelIntegratedComponent:64 - No mode defined for component null
2022-07-28 21:54:43,204 [WARN] ModelIntegratedComponent:64 - No mode defined for component null
2022-07-28 21:54:43,204 [WARN] ModelIntegratedComponent:64 - No mode defined for component null
2022-07-28 21:54:43,204 [WARN] ModelIntegratedComponent:64 - No mode defined for component null
2022-07-28 21:54:43,204 [WARN] ModelIntegratedComponent:64 - No mode defined for component null
2022-07-28 21:54:43,204 [WARN] ModelIntegratedComponent:64 - No mode defined for component null
2022-07-28 21:54:43,204 [WARN] ModelIntegratedComponent:64 - No mode defined for component null
2022-07-28 21:54:43,204 [WARN] ModelIntegratedComponent:64 - No mode defined for component null
2022-07-28 21:54:43,210 [WARN] ModelIntegratedComponent:64 - No mode defined for component null
2022-07-28 21:54:43,210 [WARN] ModelIntegratedComponent:64 - No mode defined for component null
2022-07-28 21:54:43,210 [WARN] ModelIntegratedComponent:64 - No mode defined for component null
2022-07-28 21:54:43,210 [WARN] ModelIntegratedComponent:64 - No mode defined for component null
2022-07-28 21:54:43,210 [WARN] ModelIntegratedComponent:64 - No mode defined for component null
2022-07-28 21:54:43,210 [WARN] ModelIntegratedComponent:64 - No mode defined for component null
2022-07-28 21:54:43,210 [WARN] ModelIntegratedComponent:64 - No mode defined for component null
2022-07-28 21:54:43,212 [WARN] ModelIntegratedComponent:64 - No mode defined for component null
2022-07-28 21:54:43,212 [WARN] ModelIntegratedComponent:64 - No mode defined for component null
2022-07-28 21:54:43,212 [WARN] ModelIntegratedComponent:64 - No mode defined for component null
2022-07-28 21:54:43,212 [WARN] ModelIntegratedComponent:64 - No mode defined for component null
2022-07-28 21:54:43,212 [WARN] ModelIntegratedComponent:64 - No mode defined for component null
2022-07-28 21:54:43,212 [WARN] ModelIntegratedComponent:64 - No mode defined for component null
2022-07-28 21:54:43,212 [WARN] ModelIntegratedComponent:64 - No mode defined for component null
2022-07-28 21:54:43,212 [WARN] ModelIntegratedComponent:64 - No mode defined for component null
2022-07-28 21:54:43,212 [WARN] ModelIntegratedComponent:64 - No mode defined for component null
2022-07-28 21:54:43,212 [WARN] ModelIntegratedComponent:64 - No mode defined for component null
2022-07-28 21:54:43,212 [WARN] ModelIntegratedComponent:64 - No mode defined for component null
2022-07-28 21:54:43,212 [WARN] ModelIntegratedComponent:64 - No mode defined for component null
2022-07-28 21:54:43,212 [WARN] ModelIntegratedComponent:64 - No mode defined for component null
2022-07-28 21:54:43,212 [WARN] ModelIntegratedComponent:64 - No mode defined for component null
2022-07-28 21:54:43,212 [WARN] ModelIntegratedComponent:64 - No mode defined for component null
2022-07-28 21:54:43,212 [WARN] ApiManager:308 - Cannot register API 'Board Extension:NFC07A1' from pack STMicroelectronics.X-CUBE-NFC7.1.0.0: no header file found
2022-07-28 21:54:43,336 [WARN] ApiManager:308 - Cannot register API 'Board Extension:IKS01A3' from pack STMicroelectronics.X-CUBE-MEMS1.9.3.0: no header file found
2022-07-28 21:54:43,336 [WARN] ApiManager:308 - Cannot register API 'Board Extension:IKS01A2' from pack STMicroelectronics.X-CUBE-MEMS1.9.3.0: no header file found
2022-07-28 21:54:43,336 [WARN] ApiManager:308 - Cannot register API 'Board Extension:IKS02A1' from pack STMicroelectronics.X-CUBE-MEMS1.9.3.0: no header file found
2022-07-28 21:54:43,343 [WARN] ModelIntegratedComponent:183 - Modes not found for component STMicroelectronics:USB_DEVICE:1.0.0:STMicroelectronics:USB::USB Device:Audio HS::1.0:USB_DEVICE_1_0_RESTRICTED_HS
2022-07-28 21:54:43,343 [WARN] ModelIntegratedComponent:189 - Modes not found for component STMicroelectronics:USB_DEVICE:1.0.0:STMicroelectronics:USB::USB Device:Audio HS::1.0:USB_DEVICE_1_0_RESTRICTED_HS
2022-07-28 21:54:43,343 [WARN] ModelIntegratedComponent:183 - Modes not found for component STMicroelectronics:USB_DEVICE:1.0.0:STMicroelectronics:USB::USB Device:CDC HS::1.0:USB_DEVICE_1_0_RESTRICTED_HS
2022-07-28 21:54:43,343 [WARN] ModelIntegratedComponent:189 - Modes not found for component STMicroelectronics:USB_DEVICE:1.0.0:STMicroelectronics:USB::USB Device:CDC HS::1.0:USB_DEVICE_1_0_RESTRICTED_HS
2022-07-28 21:54:43,343 [WARN] ModelIntegratedComponent:183 - Modes not found for component STMicroelectronics:USB_DEVICE:1.0.0:STMicroelectronics:USB::USB Device:DFU HS::1.0:USB_DEVICE_1_0_RESTRICTED_HS
2022-07-28 21:54:43,343 [WARN] ModelIntegratedComponent:189 - Modes not found for component STMicroelectronics:USB_DEVICE:1.0.0:STMicroelectronics:USB::USB Device:DFU HS::1.0:USB_DEVICE_1_0_RESTRICTED_HS
2022-07-28 21:54:43,343 [WARN] ModelIntegratedComponent:183 - Modes not found for component STMicroelectronics:USB_DEVICE:1.0.0:STMicroelectronics:USB::USB Device:HID HS::1.0:USB_DEVICE_1_0_RESTRICTED_HS
2022-07-28 21:54:43,343 [WARN] ModelIntegratedComponent:189 - Modes not found for component STMicroelectronics:USB_DEVICE:1.0.0:STMicroelectronics:USB::USB Device:HID HS::1.0:USB_DEVICE_1_0_RESTRICTED_HS
2022-07-28 21:54:43,343 [WARN] ModelIntegratedComponent:183 - Modes not found for component STMicroelectronics:USB_DEVICE:1.0.0:STMicroelectronics:USB::USB Device:Custom HID HS::1.0:USB_DEVICE_1_0_RESTRICTED_HS
2022-07-28 21:54:43,343 [WARN] ModelIntegratedComponent:189 - Modes not found for component STMicroelectronics:USB_DEVICE:1.0.0:STMicroelectronics:USB::USB Device:Custom HID HS::1.0:USB_DEVICE_1_0_RESTRICTED_HS
2022-07-28 21:54:43,343 [WARN] ModelIntegratedComponent:183 - Modes not found for component STMicroelectronics:USB_DEVICE:1.0.0:STMicroelectronics:USB::USB Device:MSC HS::1.0:USB_DEVICE_1_0_RESTRICTED_HS
2022-07-28 21:54:43,350 [WARN] ModelIntegratedComponent:189 - Modes not found for component STMicroelectronics:USB_DEVICE:1.0.0:STMicroelectronics:USB::USB Device:MSC HS::1.0:USB_DEVICE_1_0_RESTRICTED_HS
2022-07-28 21:54:43,351 [WARN] ApiManager:308 - Cannot register API 'Board Extension:EEPRMA1' from pack STMicroelectronics.X-CUBE-EEPRMA1.3.1.1: no header file found
2022-07-28 21:54:43,351 [WARN] ApiManager:308 - Cannot register API 'Board Extension:EEPRMA2' from pack STMicroelectronics.X-CUBE-EEPRMA1.3.1.1: no header file found
2022-07-28 21:54:43,353 [WARN] ApiManager:308 - Cannot register API 'Board Extension:S2868A1' from pack STMicroelectronics.X-CUBE-SFXS2LP1.4.0.0: no header file found
2022-07-28 21:54:43,356 [WARN] ApiManager:308 - Cannot register API 'Board Extension:S2868A2' from pack STMicroelectronics.X-CUBE-SFXS2LP1.4.0.0: no header file found
2022-07-28 21:54:43,356 [WARN] ApiManager:308 - Cannot register API 'Board Extension:S2915A1' from pack STMicroelectronics.X-CUBE-SFXS2LP1.4.0.0: no header file found
2022-07-28 21:54:43,356 [WARN] ApiManager:308 - Cannot register API 'Wireless:BlueNRG-2' from pack STMicroelectronics.X-CUBE-BLE2.3.3.0: no header file found
2022-07-28 21:54:43,372 [INFO] ThirdPartyModel:289 - Start build external matchings
2022-07-28 21:54:43,695 [INFO] ThirdPartyModel:302 - End build external matchings
2022-07-28 21:54:43,711 [INFO] ImportTextPane:193 - (OptionalMessage_ERROR) IP (RCC) : Parameter (48MHZClocksFreq_Value) has invalid value (84000000)
2022-07-28 21:54:43,720 [INFO] ImportTextPane:193 - (OptionalMessage_ERROR) IP (RCC) : Parameter (FLatency) has Id (AdvancedSettings) currently not set
2022-07-28 21:54:43,720 [INFO] ImportTextPane:193 - (OptionalMessage_ERROR) IP (RCC) : Parameter (RTCHSEDivFreq_Value) has invalid value (4000000)
2022-07-28 21:54:44,081 [INFO] UtilMem:74 - End LoadConfig() Used Memory: 469597016 Bytes (564133888)
2022-07-28 21:54:44,101 [WARN] ThirdParty:789 - waiting for thirdparty lock release [change project]
2022-07-28 21:54:44,101 [INFO] ThirdParty:791 - entering critical section [change project]
2022-07-28 21:54:44,101 [INFO] ThirdParty:981 - CMSIS Pack Vendor :RoweBots I-CUBE-UNISONRTOS 5.5.0-4
2022-07-28 21:54:44,101 [INFO] ThirdParty:981 - CMSIS Pack Vendor :STMicroelectronics X-CUBE-GNSS1 6.0.0
2022-07-28 21:54:44,101 [INFO] ThirdParty:981 - CMSIS Pack Vendor :STMicroelectronics X-CUBE-AZRTOS-H7 2.1.0
2022-07-28 21:54:44,101 [INFO] ThirdParty:981 - CMSIS Pack Vendor :STMicroelectronics USB_HOST 2.0.0
2022-07-28 21:54:44,101 [INFO] ThirdParty:981 - CMSIS Pack Vendor :STMicroelectronics LIBJPEG 8.0.0
2022-07-28 21:54:44,101 [INFO] ThirdParty:981 - CMSIS Pack Vendor :STMicroelectronics USB_DEVICE 3.0.0
2022-07-28 21:54:44,101 [INFO] ThirdParty:981 - CMSIS Pack Vendor :STMicroelectronics X-CUBE-BLEMGR 1.0.0
2022-07-28 21:54:44,101 [INFO] ThirdParty:981 - CMSIS Pack Vendor :STMicroelectronics X-CUBE-MEMS1 9.2.0
2022-07-28 21:54:44,101 [INFO] ThirdParty:981 - CMSIS Pack Vendor :STMicroelectronics X-CUBE-AZRTOS-F7 1.1.0
2022-07-28 21:54:44,101 [INFO] ThirdParty:981 - CMSIS Pack Vendor :STMicroelectronics USB_DEVICE 2.0.0
2022-07-28 21:54:44,101 [INFO] ThirdParty:981 - CMSIS Pack Vendor :STMicroelectronics X-CUBE-AI 7.1.0
2022-07-28 21:54:44,101 [INFO] ThirdParty:981 - CMSIS Pack Vendor :STMicroelectronics X-CUBE-BLE1 6.2.3
2022-07-28 21:54:44,101 [INFO] ThirdParty:981 - CMSIS Pack Vendor :STMicroelectronics X-CUBE-ALGOBUILD 1.3.0
2022-07-28 21:54:44,101 [INFO] ThirdParty:981 - CMSIS Pack Vendor :STMicroelectronics FreeRTOS 0.0.1
2022-07-28 21:54:44,101 [INFO] ThirdParty:981 - CMSIS Pack Vendor :STMicroelectronics X-CUBE-AZRTOS-G0 1.1.0
2022-07-28 21:54:44,101 [INFO] ThirdParty:981 - CMSIS Pack Vendor :STMicroelectronics X-CUBE-SUBG2 5.0.0
2022-07-28 21:54:44,101 [INFO] ThirdParty:981 - CMSIS Pack Vendor :SEGGER I-CUBE-embOS 1.2.0
2022-07-28 21:54:44,101 [INFO] ThirdParty:981 - CMSIS Pack Vendor :STMicroelectronics STM32_WPAN 1.0.0
2022-07-28 21:54:44,101 [INFO] ThirdParty:981 - CMSIS Pack Vendor :STMicroelectronics lwIP 2.0.3
2022-07-28 21:54:44,101 [INFO] ThirdParty:981 - CMSIS Pack Vendor :STMicroelectronics X-CUBE-NFC4 2.0.4
2022-07-28 21:54:44,101 [INFO] ThirdParty:981 - CMSIS Pack Vendor :STMicroelectronics USB_HOST 1.0.0
2022-07-28 21:54:44,101 [INFO] ThirdParty:981 - CMSIS Pack Vendor :STMicroelectronics PDM2PCM 3.1.0
2022-07-28 21:54:44,101 [INFO] ThirdParty:981 - CMSIS Pack Vendor :STMicroelectronics PDM2PCM 3.3.0
2022-07-28 21:54:44,101 [INFO] ThirdParty:981 - CMSIS Pack Vendor :STMicroelectronics X-CUBE-TOF1 3.1.0
2022-07-28 21:54:44,101 [INFO] ThirdParty:981 - CMSIS Pack Vendor :STMicroelectronics FP-ATR-ASTRA1 1.1.0
2022-07-28 21:54:44,101 [INFO] ThirdParty:981 - CMSIS Pack Vendor :STMicroelectronics X-CUBE-AZRTOS-F4 1.0.0
2022-07-28 21:54:44,101 [INFO] ThirdParty:981 - CMSIS Pack Vendor :STMicroelectronics X-CUBE-AZRTOS-G4 1.0.0
2022-07-28 21:54:44,101 [INFO] ThirdParty:981 - CMSIS Pack Vendor :wolfSSL I-CUBE-wolfSSL 5.3.0
2022-07-28 21:54:44,101 [INFO] ThirdParty:981 - CMSIS Pack Vendor :STMicroelectronics X-CUBE-AZRTOS-L4 1.0.0
2022-07-28 21:54:44,101 [INFO] ThirdParty:981 - CMSIS Pack Vendor :STMicroelectronics HAL Drivers 0.0.0
2022-07-28 21:54:44,101 [INFO] ThirdParty:981 - CMSIS Pack Vendor :STMicroelectronics MBEDTLS 2.16.2
2022-07-28 21:54:44,101 [INFO] ThirdParty:981 - CMSIS Pack Vendor :emotas I-CUBE-CANOPEN 1.1.2
2022-07-28 21:54:44,101 [INFO] ThirdParty:981 - CMSIS Pack Vendor :STMicroelectronics X-CUBE-TOUCHGFX 4.20.0
2022-07-28 21:54:44,101 [INFO] ThirdParty:981 - CMSIS Pack Vendor :STMicroelectronics MBEDTLS 2.14.1
2022-07-28 21:54:44,101 [INFO] ThirdParty:981 - CMSIS Pack Vendor :STMicroelectronics X-CUBE-NFC7 1.0.0
2022-07-28 21:54:44,101 [INFO] ThirdParty:981 - CMSIS Pack Vendor :STMicroelectronics X-CUBE-AZRTOS-F7 1.0.0
2022-07-28 21:54:44,101 [INFO] ThirdParty:981 - CMSIS Pack Vendor :STMicroelectronics X-CUBE-AZRTOS-WL 1.0.0
2022-07-28 21:54:44,101 [INFO] ThirdParty:981 - CMSIS Pack Vendor :STMicroelectronics X-CUBE-MEMS1 9.3.0
2022-07-28 21:54:44,101 [INFO] ThirdParty:981 - CMSIS Pack Vendor :portGmbH I-Cube-SoM-uGOAL 1.1.0
2022-07-28 21:54:44,101 [INFO] ThirdParty:981 - CMSIS Pack Vendor :STMicroelectronics X-CUBE-ALS 1.0.1
2022-07-28 21:54:44,101 [INFO] ThirdParty:981 - CMSIS Pack Vendor :STMicroelectronics X-CUBE-AI 7.2.0
2022-07-28 21:54:44,101 [INFO] ThirdParty:981 - CMSIS Pack Vendor :STMicroelectronics ThreadX 1.0.0
2022-07-28 21:54:44,101 [INFO] ThirdParty:981 - CMSIS Pack Vendor :STMicroelectronics X-CUBE-AZRTOS-L5 1.0.0
2022-07-28 21:54:44,101 [INFO] ThirdParty:981 - CMSIS Pack Vendor :STMicroelectronics USB_DEVICE 1.0.0
2022-07-28 21:54:44,101 [INFO] ThirdParty:981 - CMSIS Pack Vendor :STMicroelectronics X-CUBE-AZRTOS-G0 1.0.0
2022-07-28 21:54:44,101 [INFO] ThirdParty:981 - CMSIS Pack Vendor :STMicroelectronics X-CUBE-EEPRMA1 3.1.1
2022-07-28 21:54:44,101 [INFO] ThirdParty:981 - CMSIS Pack Vendor :STMicroelectronics ThreadX 0.0.2
2022-07-28 21:54:44,101 [INFO] ThirdParty:981 - CMSIS Pack Vendor :STMicroelectronics lwIP 2.1.2
2022-07-28 21:54:44,101 [INFO] ThirdParty:981 - CMSIS Pack Vendor :STMicroelectronics X-CUBE-SFXS2LP1 4.0.0
2022-07-28 21:54:44,105 [INFO] ThirdParty:981 - CMSIS Pack Vendor :STMicroelectronics X-CUBE-BLE2 3.3.0
2022-07-28 21:54:44,105 [INFO] ThirdParty:981 - CMSIS Pack Vendor :STMicroelectronics X-CUBE-DISPLAY 2.2.0
2022-07-28 21:54:44,105 [INFO] ThirdParty:981 - CMSIS Pack Vendor :STMicroelectronics PDM2PCM 3.2.0
2022-07-28 21:54:44,105 [INFO] ThirdParty:797 - exiting critical section [change project]
2022-07-28 21:54:44,400 [INFO] PinOutPanel:1468 - setPackage(No Configuration,No Configuration)
2022-07-28 21:54:44,410 [INFO] PinOutPanel:1468 - setPackage(STM32F411RETx,LQFP64)
2022-07-28 21:54:45,320 [INFO] UtilMem:74 - Before build in PCC Used Memory: 477495000 Bytes (564133888)
2022-07-28 21:54:46,637 [INFO] UtilMem:74 - After build in PCC Used Memory: 507758472 Bytes (564133888)
2022-07-28 21:54:46,678 [INFO] IPUIPlugin:79 - create IPUIPlugin
2022-07-28 21:54:46,679 [INFO] IPUIPlugin:79 - create IPUIPlugin
2022-07-28 21:54:46,680 [INFO] IPUIPlugin:79 - create IPUIPlugin
2022-07-28 21:54:46,680 [INFO] IPUIPlugin:79 - create IPUIPlugin
2022-07-28 21:54:46,680 [INFO] IPUIPlugin:79 - create IPUIPlugin
2022-07-28 21:54:46,681 [INFO] IPUIPlugin:79 - create IPUIPlugin
2022-07-28 21:54:46,681 [INFO] IPUIPlugin:79 - create IPUIPlugin
2022-07-28 21:54:46,682 [INFO] IPUIPlugin:79 - create IPUIPlugin
2022-07-28 21:54:46,683 [INFO] IPUIPlugin:79 - create IPUIPlugin
2022-07-28 21:54:46,683 [INFO] IPUIPlugin:79 - create IPUIPlugin
2022-07-28 21:54:46,683 [INFO] IPUIPlugin:79 - create IPUIPlugin
2022-07-28 21:54:46,684 [INFO] IPUIPlugin:79 - create IPUIPlugin
2022-07-28 21:54:46,685 [INFO] IPUIPlugin:79 - create IPUIPlugin
2022-07-28 21:54:46,685 [INFO] IPUIPlugin:79 - create IPUIPlugin
2022-07-28 21:54:46,686 [INFO] IPUIPlugin:79 - create IPUIPlugin
2022-07-28 21:54:46,686 [INFO] IPUIPlugin:79 - create IPUIPlugin
2022-07-28 21:54:46,687 [INFO] IPUIPlugin:79 - create IPUIPlugin
2022-07-28 21:54:46,687 [INFO] IPUIPlugin:79 - create IPUIPlugin
2022-07-28 21:54:46,687 [INFO] IPUIPlugin:79 - create IPUIPlugin
2022-07-28 21:54:46,687 [INFO] IPUIPlugin:79 - create IPUIPlugin
2022-07-28 21:54:46,690 [INFO] IPUIPlugin:79 - create IPUIPlugin
2022-07-28 21:54:46,690 [INFO] IPUIPlugin:79 - create IPUIPlugin
2022-07-28 21:54:46,690 [INFO] IPUIPlugin:79 - create IPUIPlugin
2022-07-28 21:54:46,692 [INFO] IPUIPlugin:79 - create IPUIPlugin
2022-07-28 21:54:46,692 [INFO] IPUIPlugin:79 - create IPUIPlugin
2022-07-28 21:54:46,692 [INFO] IPUIPlugin:79 - create IPUIPlugin
2022-07-28 21:54:46,692 [INFO] IPUIPlugin:79 - create IPUIPlugin
2022-07-28 21:54:46,692 [INFO] IPUIPlugin:79 - create IPUIPlugin
2022-07-28 21:54:46,692 [INFO] IPUIPlugin:79 - create IPUIPlugin
2022-07-28 21:54:46,692 [INFO] IPUIPlugin:79 - create IPUIPlugin
2022-07-28 21:54:46,692 [INFO] IPUIPlugin:79 - create IPUIPlugin
2022-07-28 21:54:46,697 [INFO] IPUIPlugin:79 - create IPUIPlugin
2022-07-28 21:54:46,698 [INFO] IPUIPlugin:79 - create IPUIPlugin
2022-07-28 21:54:46,698 [INFO] IPUIPlugin:79 - create IPUIPlugin
2022-07-28 21:54:46,699 [INFO] IPUIPlugin:79 - create IPUIPlugin
2022-07-28 21:54:46,700 [INFO] IPUIPlugin:79 - create IPUIPlugin
2022-07-28 21:54:46,700 [INFO] IPUIPlugin:79 - create IPUIPlugin
2022-07-28 21:54:46,701 [INFO] IPUIPlugin:79 - create IPUIPlugin
2022-07-28 21:54:46,702 [INFO] IPUIPlugin:79 - create IPUIPlugin
2022-07-28 21:54:46,702 [INFO] IPUIPlugin:79 - create IPUIPlugin
2022-07-28 21:54:46,704 [INFO] IPUIPlugin:79 - create IPUIPlugin
2022-07-28 21:54:46,704 [INFO] IPUIPlugin:79 - create IPUIPlugin
2022-07-28 21:54:46,705 [INFO] IPUIPlugin:79 - create IPUIPlugin
2022-07-28 21:54:46,885 [INFO] ApiDbMcu:505 - Load IP Config File for PDM2PCM
2022-07-28 21:54:47,185 [INFO] OpenFileManager:327 - Restore cursor
2022-07-28 21:54:47,851 [INFO] UtilMem:74 - End SaveConfig() Used Memory: 507901568 Bytes (564133888)
2022-07-28 21:54:47,912 [INFO] UtilMem:74 - End SaveConfig() Used Memory: 522990984 Bytes (564133888)
2022-07-28 21:54:48,367 [INFO] BlockDiagram:2753 - set Specific Code input for plugin: NVIC
2022-07-28 21:54:48,367 [INFO] BlockDiagram:2753 - set Specific Code input for plugin: USART
2022-07-28 21:54:48,367 [INFO] BlockDiagram:2753 - set Specific Code input for plugin: SYS
2022-07-28 21:54:48,367 [INFO] BlockDiagram:2753 - set Specific Code input for plugin: GPIO
2022-07-28 21:54:48,367 [INFO] BlockDiagram:2753 - set Specific Code input for plugin: RCC
2022-07-28 21:54:48,370 [INFO] CodeGenerator:690 - code generatio: config db path: C:\ST\STM32CubeIDE_1.10.0\STM32CubeIDE\plugins\com.st.stm32cube.common.mx_6.6.0.202206222154\\db\
2022-07-28 21:54:48,742 [INFO] CodeEngine:245 - oldGeneratedFile, C:\Users\chlsk\OneDrive\Desktop\STM32Nucleo-f411RE\21_i2c_MPU6050\MXTmpFiles\license.tmp_save
2022-07-28 21:54:49,340 [INFO] CodeEngine:269 - Generated code: C:\Users\chlsk\OneDrive\Desktop\STM32Nucleo-f411RE\21_i2c_MPU6050\MXTmpFiles\license.tmp
2022-07-28 21:54:49,424 [INFO] CodeEngine:245 - oldGeneratedFile, C:\Users\chlsk\OneDrive\Desktop\STM32Nucleo-f411RE\21_i2c_MPU6050\MXTmpFiles\gpio.tmp_save
2022-07-28 21:54:49,627 [INFO] CodeEngine:269 - Generated code: C:\Users\chlsk\OneDrive\Desktop\STM32Nucleo-f411RE\21_i2c_MPU6050\MXTmpFiles\gpio.tmp
2022-07-28 21:54:49,756 [INFO] CodeEngine:245 - oldGeneratedFile, C:\Users\chlsk\OneDrive\Desktop\STM32Nucleo-f411RE\21_i2c_MPU6050\Core\Src\stm32f4xx_it.c_save
2022-07-28 21:54:49,912 [INFO] CodeEngine:269 - Generated code: C:\Users\chlsk\OneDrive\Desktop\STM32Nucleo-f411RE\21_i2c_MPU6050\Core\Src\stm32f4xx_it.c
2022-07-28 21:54:49,916 [INFO] CodeEngine:245 - oldGeneratedFile, C:\Users\chlsk\OneDrive\Desktop\STM32Nucleo-f411RE\21_i2c_MPU6050\Core\Inc\stm32f4xx_it.h_save
2022-07-28 21:54:49,990 [INFO] CodeEngine:269 - Generated code: C:\Users\chlsk\OneDrive\Desktop\STM32Nucleo-f411RE\21_i2c_MPU6050\Core\Inc\stm32f4xx_it.h
2022-07-28 21:54:50,006 [INFO] CodeEngine:245 - oldGeneratedFile, C:\Users\chlsk\OneDrive\Desktop\STM32Nucleo-f411RE\21_i2c_MPU6050\Core\Src\stm32f4xx_hal_msp.c_save
2022-07-28 21:54:50,120 [INFO] CodeEngine:269 - Generated code: C:\Users\chlsk\OneDrive\Desktop\STM32Nucleo-f411RE\21_i2c_MPU6050\Core\Src\stm32f4xx_hal_msp.c
2022-07-28 21:54:50,120 [INFO] CodeEngine:245 - oldGeneratedFile, C:\Users\chlsk\OneDrive\Desktop\STM32Nucleo-f411RE\21_i2c_MPU6050\MXTmpFiles\system.tmp_save
2022-07-28 21:54:50,181 [INFO] CodeEngine:269 - Generated code: C:\Users\chlsk\OneDrive\Desktop\STM32Nucleo-f411RE\21_i2c_MPU6050\MXTmpFiles\system.tmp
2022-07-28 21:54:50,191 [INFO] CodeEngine:245 - oldGeneratedFile, C:\Users\chlsk\OneDrive\Desktop\STM32Nucleo-f411RE\21_i2c_MPU6050\Core\Inc\stm32f4xx_hal_conf.h_save
2022-07-28 21:54:50,333 [INFO] CodeEngine:269 - Generated code: C:\Users\chlsk\OneDrive\Desktop\STM32Nucleo-f411RE\21_i2c_MPU6050\Core\Inc\stm32f4xx_hal_conf.h
2022-07-28 21:54:50,396 [INFO] CodeEngine:245 - oldGeneratedFile, C:\Users\chlsk\OneDrive\Desktop\STM32Nucleo-f411RE\21_i2c_MPU6050\Core\Inc\main.h_save
2022-07-28 21:54:50,498 [INFO] CodeEngine:269 - Generated code: C:\Users\chlsk\OneDrive\Desktop\STM32Nucleo-f411RE\21_i2c_MPU6050\Core\Inc\main.h
2022-07-28 21:54:50,502 [INFO] CodeEngine:245 - oldGeneratedFile, C:\Users\chlsk\OneDrive\Desktop\STM32Nucleo-f411RE\21_i2c_MPU6050\Core\Src\main.c_save
2022-07-28 21:54:50,658 [INFO] CodeEngine:269 - Generated code: C:\Users\chlsk\OneDrive\Desktop\STM32Nucleo-f411RE\21_i2c_MPU6050\Core\Src\main.c
2022-07-28 21:54:51,370 [INFO] ProjectBuilder:2919 - Time for Copy HAL[1] : 95mS.
2022-07-28 21:54:51,381 [INFO] ProjectBuilder:4115 - Project Generator version: 3.17.1
2022-07-28 21:54:51,677 [INFO] ConfigFileManager:1394 - The Die is : DIE431
2022-07-28 21:54:51,690 [INFO] ApiDbMcu:505 - Load IP Config File for FATFS
2022-07-28 21:54:51,697 [INFO] ApiDbMcu:505 - Load IP Config File for FREERTOS
2022-07-28 21:54:51,700 [INFO] ApiDbMcu:505 - Load IP Config File for LIBJPEG
2022-07-28 21:54:51,706 [INFO] ApiDbMcu:505 - Load IP Config File for MBEDTLS
2022-07-28 21:54:51,715 [INFO] ApiDbMcu:505 - Load IP Config File for USB_DEVICE
2022-07-28 21:54:51,720 [INFO] ApiDbMcu:505 - Load IP Config File for USB_HOST
2022-07-28 21:54:54,730 [INFO] ProjectBuilder:4283 - Time for Generating toolchain IDE Files: 3349mS.
2022-07-28 21:54:54,732 [INFO] ProjectBuilder:2790 - Time for Copy CMSIS : 0mS.
2022-07-28 21:54:54,733 [INFO] ProjectBuilder:2790 - Time for Copy CMSIS : 0mS.
2022-07-28 21:54:55,180 [INFO] McuFinderGlobals:57 - Set McuFinderConnectedMode to true
2022-07-28 21:54:55,180 [INFO] ApiDb:443 - Save user favorites file C:\Users\chlsk/.stm32cubeide/favorites.mcus.txt: 0 item(s)
2022-07-28 21:54:55,180 [INFO] ApiDb:447 - User favorites MCUs=[]
2022-07-28 21:54:55,186 [INFO] ApiDb:443 - Save user favorites file C:\Users\chlsk/.stm32cubeide/favorites.boards.txt: 0 item(s)
2022-07-28 21:54:55,186 [INFO] ApiDb:447 - User favorites Boards=[]
2022-07-28 22:07:21,647 [INFO] Activator:177 - 


2022-07-28 22:07:21,647 [INFO] Activator:178 - !SESSION log4j initialized
2022-07-28 22:07:49,739 [ERROR] LogOutputStream:74 - [STDERR_REDIRECT] SLF4J: Failed to load class "org.slf4j.impl.StaticLoggerBinder".
2022-07-28 22:07:49,742 [ERROR] LogOutputStream:74 - [STDERR_REDIRECT] SLF4J: Defaulting to no-operation (NOP) logger implementation
2022-07-28 22:07:49,743 [ERROR] LogOutputStream:74 - [STDERR_REDIRECT] SLF4J: See http://www.slf4j.org/codes.html#StaticLoggerBinder for further details.
